2025-03-12 06:57:49,004 WARN com.zaxxer.hikari.pool.HikariPool [HikariPool-1 housekeeper] HikariPool-1 - Thread starvation or clock leap detected (housekeeper delta=10h39m30s335ms924µs400ns).
2025-03-12 07:23:31,519 WARN com.zaxxer.hikari.pool.HikariPool [HikariPool-1 housekeeper] HikariPool-1 - Thread starvation or clock leap detected (housekeeper delta=15m12s344ms69µs400ns).
2025-03-12 09:27:06,250 WARN com.zaxxer.hikari.pool.HikariPool [HikariPool-1 housekeeper] HikariPool-1 - Thread starvation or clock leap detected (housekeeper delta=1h30m34s128ms824µs500ns).
2025-03-12 09:45:07,153 WARN com.zaxxer.hikari.pool.HikariPool [HikariPool-1 housekeeper] HikariPool-1 - Thread starvation or clock leap detected (housekeeper delta=13m812ms614µs).
2025-03-12 11:47:14,705 WARN com.zaxxer.hikari.pool.HikariPool [HikariPool-1 housekeeper] HikariPool-1 - Thread starvation or clock leap detected (housekeeper delta=1h54m37s423ms890µs400ns).
2025-03-12 13:26:31,160 WARN com.zaxxer.hikari.pool.HikariPool [HikariPool-1 housekeeper] HikariPool-1 - Thread starvation or clock leap detected (housekeeper delta=1h38m46s443ms118µs100ns).
2025-03-12 15:24:43,385 WARN com.zaxxer.hikari.pool.HikariPool [HikariPool-1 housekeeper] HikariPool-1 - Thread starvation or clock leap detected (housekeeper delta=39m39s259ms569µs100ns).
2025-03-12 15:53:46,979 WARN org.camunda.bpm.engine.telemetry [Camunda BPM Runtime Telemetry Reporter] ENGINE-28002 Could not send initial telemetry data. Reason: ConnectorRequestException with message 'HTCL-02007 Unable to execute HTTP request'. Set this logger to DEBUG/FINE for the full stacktrace.
2025-03-12 15:53:46,983 WARN org.camunda.bpm.engine.telemetry [Camunda BPM Runtime Telemetry Reporter] ENGINE-28002 Could not send initial telemetry data. Reason: ConnectorRequestException with message 'HTCL-02007 Unable to execute HTTP request'. Set this logger to DEBUG/FINE for the full stacktrace.
2025-03-12 15:53:46,986 WARN org.camunda.bpm.engine.telemetry [Camunda BPM Runtime Telemetry Reporter] ENGINE-28002 Could not send initial telemetry data. Reason: ConnectorRequestException with message 'HTCL-02007 Unable to execute HTTP request'. Set this logger to DEBUG/FINE for the full stacktrace.
2025-03-12 16:02:00,490 INFO org.mongodb.driver.cluster [cluster-ClusterId{value='67d05f61a75c0d16efcdaefa', description='null'}-localhost:27017] Exception in monitor thread while connecting to server localhost:27017
com.mongodb.MongoSocketReadTimeoutException: Timeout while receiving message
	at com.mongodb.internal.connection.InternalStreamConnection.translateReadException(InternalStreamConnection.java:631)
	at com.mongodb.internal.connection.InternalStreamConnection.receiveMessageWithAdditionalTimeout(InternalStreamConnection.java:516)
	at com.mongodb.internal.connection.InternalStreamConnection.receiveCommandMessageResponse(InternalStreamConnection.java:356)
	at com.mongodb.internal.connection.InternalStreamConnection.receive(InternalStreamConnection.java:316)
	at com.mongodb.internal.connection.DefaultServerMonitor$ServerMonitorRunnable.lookupServerDescription(DefaultServerMonitor.java:215)
	at com.mongodb.internal.connection.DefaultServerMonitor$ServerMonitorRunnable.run(DefaultServerMonitor.java:144)
	at java.base/java.lang.Thread.run(Thread.java:1583)
Caused by: java.net.SocketTimeoutException: Read timed out
	at java.base/sun.nio.ch.NioSocketImpl.timedRead(NioSocketImpl.java:278)
	at java.base/sun.nio.ch.NioSocketImpl.implRead(NioSocketImpl.java:304)
	at java.base/sun.nio.ch.NioSocketImpl.read(NioSocketImpl.java:346)
	at java.base/sun.nio.ch.NioSocketImpl$1.read(NioSocketImpl.java:796)
	at java.base/java.net.Socket$SocketInputStream.read(Socket.java:1099)
	at com.mongodb.internal.connection.SocketStream.read(SocketStream.java:109)
	at com.mongodb.internal.connection.SocketStream.read(SocketStream.java:131)
	at com.mongodb.internal.connection.InternalStreamConnection.receiveResponseBuffers(InternalStreamConnection.java:648)
	at com.mongodb.internal.connection.InternalStreamConnection.receiveMessageWithAdditionalTimeout(InternalStreamConnection.java:513)
	... 5 common frames omitted
2025-03-12 16:02:00,509 INFO org.mongodb.driver.connection [cluster-ClusterId{value='67d05f61a75c0d16efcdaefa', description='null'}-localhost:27017] Opened connection [connectionId{localValue:4, serverValue:372}] to localhost:27017
2025-03-12 16:02:00,510 INFO org.mongodb.driver.cluster [cluster-ClusterId{value='67d05f61a75c0d16efcdaefa', description='null'}-localhost:27017] Monitor thread successfully connected to server with description ServerDescription{address=localhost:27017, type=STANDALONE, state=CONNECTED, ok=true, minWireVersion=0, maxWireVersion=25, maxDocumentSize=16777216, logicalSessionTimeoutMinutes=30, roundTripTimeNanos=2956500}
2025-03-12 16:02:18,376 WARN com.zaxxer.hikari.pool.HikariPool [HikariPool-1 housekeeper] HikariPool-1 - Thread starvation or clock leap detected (housekeeper delta=1m4s404ms919µs700ns).
2025-03-12 17:04:48,945 WARN com.zaxxer.hikari.pool.HikariPool [HikariPool-1 housekeeper] HikariPool-1 - Thread starvation or clock leap detected (housekeeper delta=14m59s839ms446µs900ns).
2025-03-12 18:46:37,184 WARN com.zaxxer.hikari.pool.HikariPool [HikariPool-1 housekeeper] HikariPool-1 - Thread starvation or clock leap detected (housekeeper delta=43m47s193ms788µs400ns).
2025-03-12 19:03:14,683 WARN com.zaxxer.hikari.pool.HikariPool [HikariPool-1 housekeeper] HikariPool-1 - Thread starvation or clock leap detected (housekeeper delta=3m37s339ms397µs800ns).
2025-03-12 19:24:10,422 WARN com.zaxxer.hikari.pool.HikariPool [HikariPool-1 housekeeper] HikariPool-1 - Thread starvation or clock leap detected (housekeeper delta=55s683ms962µs200ns).
2025-03-12 20:00:11,616 WARN com.zaxxer.hikari.pool.HikariPool [HikariPool-1 housekeeper] HikariPool-1 - Thread starvation or clock leap detected (housekeeper delta=3m1s139ms149µs200ns).
2025-03-12 21:42:12,918 WARN com.zaxxer.hikari.pool.HikariPool [HikariPool-1 housekeeper] HikariPool-1 - Thread starvation or clock leap detected (housekeeper delta=5m31s122ms62µs100ns).
2025-03-12 22:42:30,163 WARN com.zaxxer.hikari.pool.HikariPool [HikariPool-1 housekeeper] HikariPool-1 - Thread starvation or clock leap detected (housekeeper delta=2m47s131ms229µs500ns).
