2025-05-09 08:52:46,898 WARN c.z.h.p.HikariPool [HikariPool-1 housekeeper] HikariPool-1 - Thread starvation or clock leap detected (housekeeper delta=1d11h52m58s180ms371µs300ns).
2025-05-09 13:22:56,772 WARN c.z.h.p.HikariPool [HikariPool-1 housekeeper] HikariPool-1 - Thread starvation or clock leap detected (housekeeper delta=4h30m9s874ms53µs600ns).
2025-05-09 15:24:42,601 WARN c.z.h.p.HikariPool [HikariPool-1 housekeeper] HikariPool-1 - Thread starvation or clock leap detected (housekeeper delta=1h58m42s681ms599µs200ns).
2025-05-09 15:25:22,429 INFO c.n.d.s.r.a.ConfigClusterResolver [AsyncResolver-bootstrap-executor-%d] Resolving eureka endpoints via configuration
2025-05-09 15:30:22,438 INFO c.n.d.s.r.a.ConfigClusterResolver [AsyncResolver-bootstrap-executor-%d] Resolving eureka endpoints via configuration
2025-05-09 15:35:22,446 INFO c.n.d.s.r.a.ConfigClusterResolver [AsyncResolver-bootstrap-executor-%d] Resolving eureka endpoints via configuration
2025-05-09 15:40:22,461 INFO c.n.d.s.r.a.ConfigClusterResolver [AsyncResolver-bootstrap-executor-%d] Resolving eureka endpoints via configuration
2025-05-09 15:45:22,471 INFO c.n.d.s.r.a.ConfigClusterResolver [AsyncResolver-bootstrap-executor-%d] Resolving eureka endpoints via configuration
2025-05-09 15:46:46,191 INFO o.s.a.AbstractOpenApiResource [http-nio-8081-exec-4] Init duration for springdoc-openapi is: 1197 ms
2025-05-09 15:49:35,007 INFO o.s.b.a.SpringApplicationAdminMXBeanRegistrar$SpringApplicationAdmin [RMI TCP Connection(68)-127.0.0.1] Application shutdown requested.
2025-05-09 15:49:35,010 INFO o.s.c.n.e.s.EurekaServiceRegistry [RMI TCP Connection(68)-127.0.0.1] Unregistering application FEE-SERVICE with eureka with status DOWN
2025-05-09 15:49:35,010 INFO c.n.d.DiscoveryClient [RMI TCP Connection(68)-127.0.0.1] Saw local status change event StatusChangeEvent [timestamp=1746791375010, current=DOWN, previous=UP]
2025-05-09 15:49:35,011 INFO c.n.d.DiscoveryClient [DiscoveryClient-InstanceInfoReplicator-%d] DiscoveryClient_FEE-SERVICE/Ahinsingh:fee-service:8081: registering service...
2025-05-09 15:49:35,023 INFO c.n.d.DiscoveryClient [DiscoveryClient-InstanceInfoReplicator-%d] DiscoveryClient_FEE-SERVICE/Ahinsingh:fee-service:8081 - registration status: 204
2025-05-09 15:49:35,039 INFO o.s.b.w.e.t.GracefulShutdown [RMI TCP Connection(68)-127.0.0.1] Commencing graceful shutdown. Waiting for active requests to complete
2025-05-09 15:49:35,041 INFO o.a.c.h.Http11NioProtocol [tomcat-shutdown] Pausing ProtocolHandler ["http-nio-8081"]
2025-05-09 15:49:35,058 INFO o.s.b.w.e.t.GracefulShutdown [tomcat-shutdown] Graceful shutdown complete
2025-05-09 15:49:35,059 INFO o.a.c.h.Http11NioProtocol [RMI TCP Connection(68)-127.0.0.1] Stopping ProtocolHandler ["http-nio-8081"]
2025-05-09 15:49:35,076 INFO o.s.o.j.LocalContainerEntityManagerFactoryBean [RMI TCP Connection(68)-127.0.0.1] Closing JPA EntityManagerFactory for persistence unit 'default'
2025-05-09 15:49:35,094 WARN o.s.b.f.s.DisposableBeanAdapter [RMI TCP Connection(68)-127.0.0.1] Invocation of destroy method failed on bean with name 'inMemoryDatabaseShutdownExecutor': org.h2.jdbc.JdbcSQLNonTransientConnectionException: Database is already closed (to disable automatic closing at VM shutdown, add ";DB_CLOSE_ON_EXIT=FALSE" to the db URL) [90121-232]
2025-05-09 15:49:35,096 INFO c.z.h.HikariDataSource [RMI TCP Connection(68)-127.0.0.1] HikariPool-1 - Shutdown initiated...
2025-05-09 15:49:35,098 INFO c.z.h.HikariDataSource [RMI TCP Connection(68)-127.0.0.1] HikariPool-1 - Shutdown completed.
2025-05-09 15:49:35,099 INFO c.n.d.DiscoveryClient [RMI TCP Connection(68)-127.0.0.1] Shutting down DiscoveryClient ...
2025-05-09 15:49:38,101 INFO c.n.d.DiscoveryClient [RMI TCP Connection(68)-127.0.0.1] Unregistering ...
2025-05-09 15:49:38,135 INFO c.n.d.DiscoveryClient [RMI TCP Connection(68)-127.0.0.1] DiscoveryClient_FEE-SERVICE/Ahinsingh:fee-service:8081 - deregister  status: 200
2025-05-09 15:49:38,137 INFO c.n.d.DiscoveryClient [RMI TCP Connection(68)-127.0.0.1] Completed shut down of DiscoveryClient
2025-05-09 15:49:45,603 INFO c.f.FeeProcessApplication [restartedMain] Starting FeeProcessApplication using Java 21.0.6 with PID 36336 (C:\Users\ahins\workspace\fee-process-management\target\classes started by ahins in C:\Users\ahins\workspace\fee-process-management)
2025-05-09 15:49:45,609 INFO c.f.FeeProcessApplication [restartedMain] No active profile set, falling back to 1 default profile: "default"
2025-05-09 15:49:45,710 INFO o.s.b.d.e.DevToolsPropertyDefaultsPostProcessor [restartedMain] Devtools property defaults active! Set 'spring.devtools.add-properties' to 'false' to disable
2025-05-09 15:49:45,710 INFO o.s.b.d.e.DevToolsPropertyDefaultsPostProcessor [restartedMain] For additional web related logging consider setting the 'logging.level.web' property to 'DEBUG'
2025-05-09 15:49:47,638 INFO o.s.d.r.c.RepositoryConfigurationDelegate [restartedMain] Bootstrapping Spring Data JPA repositories in DEFAULT mode.
2025-05-09 15:49:48,104 INFO o.s.d.r.c.RepositoryConfigurationDelegate [restartedMain] Finished Spring Data repository scanning in 438 ms. Found 2 JPA repository interfaces.
2025-05-09 15:49:48,834 INFO o.s.c.c.s.GenericScope [restartedMain] BeanFactory id=af789b4c-290f-3dc0-a419-fc50b6e3a8b0
2025-05-09 15:49:50,268 INFO o.s.b.w.e.t.TomcatWebServer [restartedMain] Tomcat initialized with port 8081 (http)
2025-05-09 15:49:50,288 INFO o.a.c.h.Http11NioProtocol [restartedMain] Initializing ProtocolHandler ["http-nio-8081"]
2025-05-09 15:49:50,291 INFO o.a.c.c.StandardService [restartedMain] Starting service [Tomcat]
2025-05-09 15:49:50,291 INFO o.a.c.c.StandardEngine [restartedMain] Starting Servlet engine: [Apache Tomcat/10.1.39]
2025-05-09 15:49:50,391 INFO o.a.c.c.C.[.[.[/] [restartedMain] Initializing Spring embedded WebApplicationContext
2025-05-09 15:49:50,391 INFO o.s.b.w.s.c.ServletWebServerApplicationContext [restartedMain] Root WebApplicationContext: initialization completed in 4680 ms
2025-05-09 15:49:50,765 INFO o.h.j.i.u.LogHelper [restartedMain] HHH000204: Processing PersistenceUnitInfo [name: default]
2025-05-09 15:49:50,842 INFO o.h.Version [restartedMain] HHH000412: Hibernate ORM core version 6.6.11.Final
2025-05-09 15:49:50,914 INFO o.h.c.i.RegionFactoryInitiator [restartedMain] HHH000026: Second-level cache disabled
2025-05-09 15:49:51,509 INFO o.s.o.j.p.SpringPersistenceUnitInfo [restartedMain] No LoadTimeWeaver setup: ignoring JPA class transformer
2025-05-09 15:49:51,567 INFO c.z.h.HikariDataSource [restartedMain] HikariPool-1 - Starting...
2025-05-09 15:49:51,974 INFO c.z.h.p.HikariPool [restartedMain] HikariPool-1 - Added connection conn0: url=jdbc:h2:mem:feedb user=SA
2025-05-09 15:49:51,998 INFO c.z.h.HikariDataSource [restartedMain] HikariPool-1 - Start completed.
2025-05-09 15:49:52,052 WARN o.h.o.deprecation [restartedMain] HHH90000025: H2Dialect does not need to be specified explicitly using 'hibernate.dialect' (remove the property setting and it will be selected by default)
2025-05-09 15:49:52,092 INFO o.h.o.c.pooling [restartedMain] HHH10001005: Database info:
	Database JDBC URL [Connecting through datasource 'HikariDataSource (HikariPool-1)']
	Database driver: undefined/unknown
	Database version: 2.3.232
	Autocommit mode: undefined/unknown
	Isolation level: undefined/unknown
	Minimum pool size: undefined/unknown
	Maximum pool size: undefined/unknown
2025-05-09 15:49:53,619 INFO o.h.e.t.j.p.i.JtaPlatformInitiator [restartedMain] HHH000489: No JTA platform available (set 'hibernate.transaction.jta.platform' to enable JTA platform integration)
2025-05-09 15:49:53,757 INFO o.s.o.j.LocalContainerEntityManagerFactoryBean [restartedMain] Initialized JPA EntityManagerFactory for persistence unit 'default'
2025-05-09 15:49:54,446 INFO o.s.d.j.r.q.QueryEnhancerFactory [restartedMain] Hibernate is in classpath; If applicable, HQL parser will be used.
2025-05-09 15:49:55,801 WARN o.s.b.a.o.j.JpaBaseConfiguration$JpaWebConfiguration [restartedMain] spring.jpa.open-in-view is enabled by default. Therefore, database queries may be performed during view rendering. Explicitly configure spring.jpa.open-in-view to disable this warning
2025-05-09 15:49:56,001 WARN o.s.b.d.a.OptionalLiveReloadServer [restartedMain] Unable to start LiveReload server
2025-05-09 15:49:56,200 INFO o.s.c.o.FeignClientFactoryBean [restartedMain] For 'student-service' URL not provided. Will try picking an instance via load-balancing.
2025-05-09 15:49:56,352 INFO o.s.c.o.FeignClientFactoryBean [restartedMain] For 'catalog-service' URL not provided. Will try picking an instance via load-balancing.
2025-05-09 15:49:57,104 INFO o.s.v.b.OptionalValidatorFactoryBean [restartedMain] Failed to set up a Bean Validation provider: jakarta.validation.NoProviderFoundException: Unable to create a Configuration, because no Jakarta Bean Validation provider could be found. Add a provider like Hibernate Validator (RI) to your classpath.
2025-05-09 15:49:58,888 INFO o.s.b.a.h.H2ConsoleAutoConfiguration [restartedMain] H2 console available at '/h2-console'. Database available at 'jdbc:h2:mem:feedb'
2025-05-09 15:49:59,346 INFO o.s.c.n.e.c.DiscoveryClientOptionalArgsConfiguration [restartedMain] Eureka HTTP Client uses RestTemplate.
2025-05-09 15:49:59,520 WARN o.s.c.l.c.LoadBalancerCacheAutoConfiguration$LoadBalancerCaffeineWarnLogger [restartedMain] Spring Cloud LoadBalancer is currently working with the default cache. While this cache implementation is useful for development and tests, it's recommended to use Caffeine cache in production.You can switch to using Caffeine cache, by adding it and org.springframework.cache.caffeine.CaffeineCacheManager to the classpath.
2025-05-09 15:49:59,646 INFO o.s.c.n.e.InstanceInfoFactory [restartedMain] Setting initial instance status as: STARTING
2025-05-09 15:49:59,689 INFO c.n.d.DiscoveryClient [restartedMain] Initializing Eureka in region us-east-1
2025-05-09 15:49:59,700 INFO c.n.d.s.r.a.ConfigClusterResolver [restartedMain] Resolving eureka endpoints via configuration
2025-05-09 15:49:59,732 INFO c.n.d.DiscoveryClient [restartedMain] Disable delta property : false
2025-05-09 15:49:59,733 INFO c.n.d.DiscoveryClient [restartedMain] Single vip registry refresh property : null
2025-05-09 15:49:59,733 INFO c.n.d.DiscoveryClient [restartedMain] Force full registry fetch : false
2025-05-09 15:49:59,733 INFO c.n.d.DiscoveryClient [restartedMain] Application is null : false
2025-05-09 15:49:59,733 INFO c.n.d.DiscoveryClient [restartedMain] Registered Applications size is zero : true
2025-05-09 15:49:59,733 INFO c.n.d.DiscoveryClient [restartedMain] Application version is -1: true
2025-05-09 15:49:59,733 INFO c.n.d.DiscoveryClient [restartedMain] Getting all instance registry info from the eureka server
2025-05-09 15:50:00,428 INFO c.n.d.DiscoveryClient [restartedMain] The response status is 200
2025-05-09 15:50:00,430 INFO c.n.d.DiscoveryClient [restartedMain] Starting heartbeat executor: renew interval is: 30
2025-05-09 15:50:00,436 INFO c.n.d.InstanceInfoReplicator [restartedMain] InstanceInfoReplicator onDemand update allowed rate per min is 4
2025-05-09 15:50:00,441 INFO c.n.d.DiscoveryClient [restartedMain] Discovery Client initialized at timestamp 1746791400437 with initial instances count: 3
2025-05-09 15:50:00,467 INFO o.s.c.n.e.s.EurekaServiceRegistry [restartedMain] Registering application FEE-SERVICE with eureka with status UP
2025-05-09 15:50:00,469 INFO c.n.d.DiscoveryClient [restartedMain] Saw local status change event StatusChangeEvent [timestamp=1746791400469, current=UP, previous=STARTING]
2025-05-09 15:50:00,471 INFO o.a.c.h.Http11NioProtocol [restartedMain] Starting ProtocolHandler ["http-nio-8081"]
2025-05-09 15:50:00,472 INFO c.n.d.DiscoveryClient [DiscoveryClient-InstanceInfoReplicator-%d] DiscoveryClient_FEE-SERVICE/Ahinsingh:fee-service:8081: registering service...
2025-05-09 15:50:00,543 INFO o.s.b.w.e.t.TomcatWebServer [restartedMain] Tomcat started on port 8081 (http) with context path '/'
2025-05-09 15:50:00,545 INFO o.s.c.n.e.s.EurekaAutoServiceRegistration [restartedMain] Updating port to 8081
2025-05-09 15:50:00,591 INFO c.f.FeeProcessApplication [restartedMain] Started FeeProcessApplication in 16.207 seconds (process running for 18.125)
2025-05-09 15:50:00,593 INFO c.n.d.DiscoveryClient [DiscoveryClient-InstanceInfoReplicator-%d] DiscoveryClient_FEE-SERVICE/Ahinsingh:fee-service:8081 - registration status: 204
2025-05-09 15:50:04,647 INFO o.a.c.c.C.[.[.[/] [http-nio-8081-exec-1] Initializing Spring DispatcherServlet 'dispatcherServlet'
2025-05-09 15:50:04,648 INFO o.s.w.s.DispatcherServlet [http-nio-8081-exec-1] Initializing Servlet 'dispatcherServlet'
2025-05-09 15:50:04,651 INFO o.s.w.s.DispatcherServlet [http-nio-8081-exec-1] Completed initialization in 3 ms
2025-05-09 15:50:04,809 WARN o.s.w.s.m.m.a.ExceptionHandlerExceptionResolver [http-nio-8081-exec-1] Resolved [org.springframework.http.converter.HttpMessageNotReadableException: JSON parse error: Unexpected character ('}' (code 125)): was expecting double-quote to start field name]
2025-05-09 15:51:32,003 INFO c.f.s.PaymentProcess [http-nio-8081-exec-2] Timestamp:1746791492003:workflow-service-info:Verify Student:Check its a valid student
2025-05-09 15:52:49,562 INFO c.f.s.PaymentProcess [http-nio-8081-exec-2] Timestamp:1746791569562:workflow-service-info:Verify Student:we can processing the fee
2025-05-09 15:53:16,247 INFO c.f.s.PaymentProcess [http-nio-8081-exec-2] Timestamp:1746791596247:workflow-service-info:Verify Due Amount:Check the amount
2025-05-09 15:53:50,388 INFO c.f.s.PaymentProcess [http-nio-8081-exec-2] Timestamp:1746791630388:workflow-service-info:Verify Due Amount:we can processing the fee
2025-05-09 15:54:45,505 INFO c.f.s.PaymentProcess [http-nio-8081-exec-2] Timestamp:1746791685505:workflow-service-info:Check Payment Done:Check Payment Done
2025-05-09 15:54:59,743 INFO c.n.d.s.r.a.ConfigClusterResolver [AsyncResolver-bootstrap-executor-%d] Resolving eureka endpoints via configuration
2025-05-09 15:59:59,746 INFO c.n.d.s.r.a.ConfigClusterResolver [AsyncResolver-bootstrap-executor-%d] Resolving eureka endpoints via configuration
2025-05-09 16:04:59,748 INFO c.n.d.s.r.a.ConfigClusterResolver [AsyncResolver-bootstrap-executor-%d] Resolving eureka endpoints via configuration
2025-05-09 16:09:59,760 INFO c.n.d.s.r.a.ConfigClusterResolver [AsyncResolver-bootstrap-executor-%d] Resolving eureka endpoints via configuration
2025-05-09 16:13:35,860 INFO o.s.b.d.a.LocalDevToolsAutoConfiguration$RestartingClassPathChangeChangedEventListener [File Watcher] Restarting due to 29 class path changes (0 additions, 0 deletions, 29 modifications)
2025-05-09 16:13:35,877 INFO o.s.c.n.e.s.EurekaServiceRegistry [Thread-1] Unregistering application FEE-SERVICE with eureka with status DOWN
2025-05-09 16:13:35,884 INFO c.n.d.DiscoveryClient [Thread-1] Saw local status change event StatusChangeEvent [timestamp=1746792815884, current=DOWN, previous=UP]
2025-05-09 16:13:35,885 INFO c.n.d.DiscoveryClient [DiscoveryClient-InstanceInfoReplicator-%d] DiscoveryClient_FEE-SERVICE/Ahinsingh:fee-service:8081: registering service...
2025-05-09 16:13:35,897 INFO c.n.d.DiscoveryClient [DiscoveryClient-InstanceInfoReplicator-%d] DiscoveryClient_FEE-SERVICE/Ahinsingh:fee-service:8081 - registration status: 204
2025-05-09 16:13:35,947 INFO o.s.b.w.e.t.GracefulShutdown [Thread-1] Commencing graceful shutdown. Waiting for active requests to complete
2025-05-09 16:13:35,965 INFO o.a.c.h.Http11NioProtocol [tomcat-shutdown] Pausing ProtocolHandler ["http-nio-8081"]
2025-05-09 16:14:06,640 INFO o.s.c.s.DefaultLifecycleProcessor [Thread-1] Shutdown phase 2147482623 ends with 1 bean still running after timeout of 30000ms: [webServerGracefulShutdown]
2025-05-09 16:14:06,641 INFO o.a.c.h.Http11NioProtocol [Thread-1] Stopping ProtocolHandler ["http-nio-8081"]
2025-05-09 16:14:06,682 INFO o.s.b.w.e.t.GracefulShutdown [tomcat-shutdown] Graceful shutdown aborted with one or more requests still active
2025-05-09 16:14:11,653 WARN o.a.t.u.n.NioEndpoint [Thread-1] The executor associated with thread pool [http-nio-8081] has not fully shutdown. Some application threads may still be running.
2025-05-09 16:14:11,664 INFO o.s.o.j.LocalContainerEntityManagerFactoryBean [Thread-1] Closing JPA EntityManagerFactory for persistence unit 'default'
2025-05-09 16:14:11,680 WARN o.s.b.f.s.DisposableBeanAdapter [Thread-1] Invocation of destroy method failed on bean with name 'inMemoryDatabaseShutdownExecutor': org.h2.jdbc.JdbcSQLNonTransientConnectionException: Database is already closed (to disable automatic closing at VM shutdown, add ";DB_CLOSE_ON_EXIT=FALSE" to the db URL) [90121-232]
2025-05-09 16:14:11,683 INFO c.z.h.HikariDataSource [Thread-1] HikariPool-1 - Shutdown initiated...
2025-05-09 16:14:11,690 INFO c.z.h.HikariDataSource [Thread-1] HikariPool-1 - Shutdown completed.
2025-05-09 16:14:11,693 INFO c.n.d.DiscoveryClient [Thread-1] Shutting down DiscoveryClient ...
2025-05-09 16:14:14,708 INFO c.n.d.DiscoveryClient [Thread-1] Unregistering ...
2025-05-09 16:14:14,772 INFO c.n.d.DiscoveryClient [Thread-1] DiscoveryClient_FEE-SERVICE/Ahinsingh:fee-service:8081 - deregister  status: 200
2025-05-09 16:14:14,773 INFO c.n.d.DiscoveryClient [Thread-1] Completed shut down of DiscoveryClient
2025-05-09 16:14:17,457 INFO c.f.FeeProcessApplication [restartedMain] Starting FeeProcessApplication using Java 21.0.6 with PID 36336 (C:\Users\ahins\workspace\fee-process-management\target\classes started by ahins in C:\Users\ahins\workspace\fee-process-management)
2025-05-09 16:14:17,458 INFO c.f.FeeProcessApplication [restartedMain] No active profile set, falling back to 1 default profile: "default"
2025-05-09 16:14:18,308 INFO o.s.d.r.c.RepositoryConfigurationDelegate [restartedMain] Bootstrapping Spring Data JPA repositories in DEFAULT mode.
2025-05-09 16:14:18,332 INFO o.s.d.r.c.RepositoryConfigurationDelegate [restartedMain] Finished Spring Data repository scanning in 22 ms. Found 2 JPA repository interfaces.
2025-05-09 16:14:18,621 INFO o.s.c.c.s.GenericScope [restartedMain] BeanFactory id=af789b4c-290f-3dc0-a419-fc50b6e3a8b0
2025-05-09 16:14:23,831 INFO o.s.b.w.e.t.TomcatWebServer [restartedMain] Tomcat initialized with port 8081 (http)
2025-05-09 16:14:23,835 INFO o.a.c.h.Http11NioProtocol [restartedMain] Initializing ProtocolHandler ["http-nio-8081"]
2025-05-09 16:14:23,836 INFO o.a.c.c.StandardService [restartedMain] Starting service [Tomcat]
2025-05-09 16:14:23,836 INFO o.a.c.c.StandardEngine [restartedMain] Starting Servlet engine: [Apache Tomcat/10.1.39]
2025-05-09 16:14:23,898 INFO o.a.c.c.C.[.[.[/] [restartedMain] Initializing Spring embedded WebApplicationContext
2025-05-09 16:14:23,898 INFO o.s.b.w.s.c.ServletWebServerApplicationContext [restartedMain] Root WebApplicationContext: initialization completed in 6434 ms
2025-05-09 16:14:24,148 INFO o.h.j.i.u.LogHelper [restartedMain] HHH000204: Processing PersistenceUnitInfo [name: default]
2025-05-09 16:14:24,152 INFO o.h.c.i.RegionFactoryInitiator [restartedMain] HHH000026: Second-level cache disabled
2025-05-09 16:14:24,176 INFO o.s.o.j.p.SpringPersistenceUnitInfo [restartedMain] No LoadTimeWeaver setup: ignoring JPA class transformer
2025-05-09 16:14:24,178 INFO c.z.h.HikariDataSource [restartedMain] HikariPool-2 - Starting...
2025-05-09 16:14:24,181 INFO c.z.h.p.HikariPool [restartedMain] HikariPool-2 - Added connection conn10: url=jdbc:h2:mem:feedb user=SA
2025-05-09 16:14:24,181 INFO c.z.h.HikariDataSource [restartedMain] HikariPool-2 - Start completed.
2025-05-09 16:14:24,182 WARN o.h.o.deprecation [restartedMain] HHH90000025: H2Dialect does not need to be specified explicitly using 'hibernate.dialect' (remove the property setting and it will be selected by default)
2025-05-09 16:14:24,183 INFO o.h.o.c.pooling [restartedMain] HHH10001005: Database info:
	Database JDBC URL [Connecting through datasource 'HikariDataSource (HikariPool-2)']
	Database driver: undefined/unknown
	Database version: 2.3.232
	Autocommit mode: undefined/unknown
	Isolation level: undefined/unknown
	Minimum pool size: undefined/unknown
	Maximum pool size: undefined/unknown
2025-05-09 16:14:24,483 INFO o.h.e.t.j.p.i.JtaPlatformInitiator [restartedMain] HHH000489: No JTA platform available (set 'hibernate.transaction.jta.platform' to enable JTA platform integration)
2025-05-09 16:14:24,493 INFO o.s.o.j.LocalContainerEntityManagerFactoryBean [restartedMain] Initialized JPA EntityManagerFactory for persistence unit 'default'
2025-05-09 16:14:25,508 WARN o.s.b.a.o.j.JpaBaseConfiguration$JpaWebConfiguration [restartedMain] spring.jpa.open-in-view is enabled by default. Therefore, database queries may be performed during view rendering. Explicitly configure spring.jpa.open-in-view to disable this warning
2025-05-09 16:14:25,689 WARN o.s.b.d.a.OptionalLiveReloadServer [restartedMain] Unable to start LiveReload server
2025-05-09 16:14:25,803 INFO o.s.c.o.FeignClientFactoryBean [restartedMain] For 'student-service' URL not provided. Will try picking an instance via load-balancing.
2025-05-09 16:14:25,948 INFO o.s.c.o.FeignClientFactoryBean [restartedMain] For 'catalog-service' URL not provided. Will try picking an instance via load-balancing.
2025-05-09 16:14:26,875 INFO o.s.v.b.OptionalValidatorFactoryBean [restartedMain] Failed to set up a Bean Validation provider: jakarta.validation.NoProviderFoundException: Unable to create a Configuration, because no Jakarta Bean Validation provider could be found. Add a provider like Hibernate Validator (RI) to your classpath.
2025-05-09 16:14:29,800 INFO o.s.b.a.h.H2ConsoleAutoConfiguration [restartedMain] H2 console available at '/h2-console'. Database available at 'jdbc:h2:mem:feedb'
2025-05-09 16:14:30,315 INFO o.s.c.n.e.c.DiscoveryClientOptionalArgsConfiguration [restartedMain] Eureka HTTP Client uses RestTemplate.
2025-05-09 16:14:30,482 WARN o.s.c.l.c.LoadBalancerCacheAutoConfiguration$LoadBalancerCaffeineWarnLogger [restartedMain] Spring Cloud LoadBalancer is currently working with the default cache. While this cache implementation is useful for development and tests, it's recommended to use Caffeine cache in production.You can switch to using Caffeine cache, by adding it and org.springframework.cache.caffeine.CaffeineCacheManager to the classpath.
2025-05-09 16:14:30,559 INFO o.s.c.n.e.InstanceInfoFactory [restartedMain] Setting initial instance status as: STARTING
2025-05-09 16:14:30,573 INFO c.n.d.DiscoveryClient [restartedMain] Initializing Eureka in region us-east-1
2025-05-09 16:14:30,573 INFO c.n.d.s.r.a.ConfigClusterResolver [restartedMain] Resolving eureka endpoints via configuration
2025-05-09 16:14:30,573 INFO c.n.d.DiscoveryClient [restartedMain] Disable delta property : false
2025-05-09 16:14:30,575 INFO c.n.d.DiscoveryClient [restartedMain] Single vip registry refresh property : null
2025-05-09 16:14:30,575 INFO c.n.d.DiscoveryClient [restartedMain] Force full registry fetch : false
2025-05-09 16:14:30,575 INFO c.n.d.DiscoveryClient [restartedMain] Application is null : false
2025-05-09 16:14:30,575 INFO c.n.d.DiscoveryClient [restartedMain] Registered Applications size is zero : true
2025-05-09 16:14:30,575 INFO c.n.d.DiscoveryClient [restartedMain] Application version is -1: true
2025-05-09 16:14:30,576 INFO c.n.d.DiscoveryClient [restartedMain] Getting all instance registry info from the eureka server
2025-05-09 16:14:30,667 INFO c.n.d.DiscoveryClient [restartedMain] The response status is 200
2025-05-09 16:14:30,668 INFO c.n.d.DiscoveryClient [restartedMain] Starting heartbeat executor: renew interval is: 30
2025-05-09 16:14:30,669 INFO c.n.d.InstanceInfoReplicator [restartedMain] InstanceInfoReplicator onDemand update allowed rate per min is 4
2025-05-09 16:14:30,669 INFO c.n.d.DiscoveryClient [restartedMain] Discovery Client initialized at timestamp 1746792870669 with initial instances count: 4
2025-05-09 16:14:30,702 INFO o.s.c.n.e.s.EurekaServiceRegistry [restartedMain] Registering application FEE-SERVICE with eureka with status UP
2025-05-09 16:14:30,702 INFO c.n.d.DiscoveryClient [restartedMain] Saw local status change event StatusChangeEvent [timestamp=1746792870702, current=UP, previous=STARTING]
2025-05-09 16:14:30,703 INFO c.n.d.DiscoveryClient [DiscoveryClient-InstanceInfoReplicator-%d] DiscoveryClient_FEE-SERVICE/Ahinsingh:fee-service:8081: registering service...
2025-05-09 16:14:30,703 INFO o.a.c.h.Http11NioProtocol [restartedMain] Starting ProtocolHandler ["http-nio-8081"]
2025-05-09 16:14:30,711 INFO o.s.b.w.e.t.TomcatWebServer [restartedMain] Tomcat started on port 8081 (http) with context path '/'
2025-05-09 16:14:30,713 INFO o.s.c.n.e.s.EurekaAutoServiceRegistration [restartedMain] Updating port to 8081
2025-05-09 16:14:30,741 INFO c.n.d.DiscoveryClient [DiscoveryClient-InstanceInfoReplicator-%d] DiscoveryClient_FEE-SERVICE/Ahinsingh:fee-service:8081 - registration status: 204
2025-05-09 16:14:30,757 INFO c.f.FeeProcessApplication [restartedMain] Started FeeProcessApplication in 13.524 seconds (process running for 1488.291)
2025-05-09 16:14:30,760 INFO o.s.b.d.a.ConditionEvaluationDeltaLoggingListener [restartedMain] Condition evaluation unchanged
2025-05-09 16:14:31,600 INFO o.s.b.d.a.LocalDevToolsAutoConfiguration$RestartingClassPathChangeChangedEventListener [File Watcher] Restarting due to 3 class path changes (0 additions, 0 deletions, 3 modifications)
2025-05-09 16:14:31,603 INFO o.s.c.n.e.s.EurekaServiceRegistry [Thread-7] Unregistering application FEE-SERVICE with eureka with status DOWN
2025-05-09 16:14:31,603 INFO c.n.d.DiscoveryClient [Thread-7] Saw local status change event StatusChangeEvent [timestamp=1746792871603, current=DOWN, previous=UP]
2025-05-09 16:14:31,603 INFO c.n.d.DiscoveryClient [DiscoveryClient-InstanceInfoReplicator-%d] DiscoveryClient_FEE-SERVICE/Ahinsingh:fee-service:8081: registering service...
2025-05-09 16:14:31,604 INFO o.s.b.w.e.t.GracefulShutdown [Thread-7] Commencing graceful shutdown. Waiting for active requests to complete
2025-05-09 16:14:31,606 INFO o.a.c.h.Http11NioProtocol [tomcat-shutdown] Pausing ProtocolHandler ["http-nio-8081"]
2025-05-09 16:14:31,611 INFO c.n.d.DiscoveryClient [DiscoveryClient-InstanceInfoReplicator-%d] DiscoveryClient_FEE-SERVICE/Ahinsingh:fee-service:8081 - registration status: 204
2025-05-09 16:14:31,620 INFO o.s.b.w.e.t.GracefulShutdown [tomcat-shutdown] Graceful shutdown complete
2025-05-09 16:14:31,622 INFO o.a.c.h.Http11NioProtocol [Thread-7] Stopping ProtocolHandler ["http-nio-8081"]
2025-05-09 16:14:31,633 INFO o.s.o.j.LocalContainerEntityManagerFactoryBean [Thread-7] Closing JPA EntityManagerFactory for persistence unit 'default'
2025-05-09 16:14:31,634 WARN o.s.b.f.s.DisposableBeanAdapter [Thread-7] Invocation of destroy method failed on bean with name 'inMemoryDatabaseShutdownExecutor': org.h2.jdbc.JdbcSQLNonTransientConnectionException: Database is already closed (to disable automatic closing at VM shutdown, add ";DB_CLOSE_ON_EXIT=FALSE" to the db URL) [90121-232]
2025-05-09 16:14:31,635 INFO c.z.h.HikariDataSource [Thread-7] HikariPool-2 - Shutdown initiated...
2025-05-09 16:14:31,636 INFO c.z.h.HikariDataSource [Thread-7] HikariPool-2 - Shutdown completed.
2025-05-09 16:14:31,638 INFO c.n.d.DiscoveryClient [Thread-7] Shutting down DiscoveryClient ...
2025-05-09 16:14:34,648 INFO c.n.d.DiscoveryClient [Thread-7] Unregistering ...
2025-05-09 16:14:34,666 INFO c.n.d.DiscoveryClient [Thread-7] DiscoveryClient_FEE-SERVICE/Ahinsingh:fee-service:8081 - deregister  status: 200
2025-05-09 16:14:34,666 INFO c.n.d.DiscoveryClient [Thread-7] Completed shut down of DiscoveryClient
2025-05-09 16:14:34,889 INFO c.f.FeeProcessApplication [restartedMain] Starting FeeProcessApplication using Java 21.0.6 with PID 36336 (C:\Users\ahins\workspace\fee-process-management\target\classes started by ahins in C:\Users\ahins\workspace\fee-process-management)
2025-05-09 16:14:34,890 INFO c.f.FeeProcessApplication [restartedMain] No active profile set, falling back to 1 default profile: "default"
2025-05-09 16:14:36,145 INFO o.s.d.r.c.RepositoryConfigurationDelegate [restartedMain] Bootstrapping Spring Data JPA repositories in DEFAULT mode.
2025-05-09 16:14:36,178 INFO o.s.d.r.c.RepositoryConfigurationDelegate [restartedMain] Finished Spring Data repository scanning in 28 ms. Found 2 JPA repository interfaces.
2025-05-09 16:14:36,477 INFO o.s.c.c.s.GenericScope [restartedMain] BeanFactory id=af789b4c-290f-3dc0-a419-fc50b6e3a8b0
2025-05-09 16:14:37,117 INFO o.s.b.w.e.t.TomcatWebServer [restartedMain] Tomcat initialized with port 8081 (http)
2025-05-09 16:14:37,118 INFO o.a.c.h.Http11NioProtocol [restartedMain] Initializing ProtocolHandler ["http-nio-8081"]
2025-05-09 16:14:37,119 INFO o.a.c.c.StandardService [restartedMain] Starting service [Tomcat]
2025-05-09 16:14:37,119 INFO o.a.c.c.StandardEngine [restartedMain] Starting Servlet engine: [Apache Tomcat/10.1.39]
2025-05-09 16:14:37,187 INFO o.a.c.c.C.[.[.[/] [restartedMain] Initializing Spring embedded WebApplicationContext
2025-05-09 16:14:37,188 INFO o.s.b.w.s.c.ServletWebServerApplicationContext [restartedMain] Root WebApplicationContext: initialization completed in 2296 ms
2025-05-09 16:14:37,369 INFO o.h.j.i.u.LogHelper [restartedMain] HHH000204: Processing PersistenceUnitInfo [name: default]
2025-05-09 16:14:37,372 INFO o.h.c.i.RegionFactoryInitiator [restartedMain] HHH000026: Second-level cache disabled
2025-05-09 16:14:37,388 INFO o.s.o.j.p.SpringPersistenceUnitInfo [restartedMain] No LoadTimeWeaver setup: ignoring JPA class transformer
2025-05-09 16:14:37,391 INFO c.z.h.HikariDataSource [restartedMain] HikariPool-3 - Starting...
2025-05-09 16:14:37,397 INFO c.z.h.p.HikariPool [restartedMain] HikariPool-3 - Added connection conn20: url=jdbc:h2:mem:feedb user=SA
2025-05-09 16:14:37,397 INFO c.z.h.HikariDataSource [restartedMain] HikariPool-3 - Start completed.
2025-05-09 16:14:37,398 WARN o.h.o.deprecation [restartedMain] HHH90000025: H2Dialect does not need to be specified explicitly using 'hibernate.dialect' (remove the property setting and it will be selected by default)
2025-05-09 16:14:37,400 INFO o.h.o.c.pooling [restartedMain] HHH10001005: Database info:
	Database JDBC URL [Connecting through datasource 'HikariDataSource (HikariPool-3)']
	Database driver: undefined/unknown
	Database version: 2.3.232
	Autocommit mode: undefined/unknown
	Isolation level: undefined/unknown
	Minimum pool size: undefined/unknown
	Maximum pool size: undefined/unknown
2025-05-09 16:14:37,506 INFO o.h.e.t.j.p.i.JtaPlatformInitiator [restartedMain] HHH000489: No JTA platform available (set 'hibernate.transaction.jta.platform' to enable JTA platform integration)
2025-05-09 16:14:37,515 INFO o.s.o.j.LocalContainerEntityManagerFactoryBean [restartedMain] Initialized JPA EntityManagerFactory for persistence unit 'default'
2025-05-09 16:14:38,342 WARN o.s.b.a.o.j.JpaBaseConfiguration$JpaWebConfiguration [restartedMain] spring.jpa.open-in-view is enabled by default. Therefore, database queries may be performed during view rendering. Explicitly configure spring.jpa.open-in-view to disable this warning
2025-05-09 16:14:38,488 WARN o.s.b.d.a.OptionalLiveReloadServer [restartedMain] Unable to start LiveReload server
2025-05-09 16:14:38,580 INFO o.s.c.o.FeignClientFactoryBean [restartedMain] For 'student-service' URL not provided. Will try picking an instance via load-balancing.
2025-05-09 16:14:38,759 INFO o.s.c.o.FeignClientFactoryBean [restartedMain] For 'catalog-service' URL not provided. Will try picking an instance via load-balancing.
2025-05-09 16:14:39,192 INFO o.s.v.b.OptionalValidatorFactoryBean [restartedMain] Failed to set up a Bean Validation provider: jakarta.validation.NoProviderFoundException: Unable to create a Configuration, because no Jakarta Bean Validation provider could be found. Add a provider like Hibernate Validator (RI) to your classpath.
2025-05-09 16:14:40,169 INFO o.s.b.a.h.H2ConsoleAutoConfiguration [restartedMain] H2 console available at '/h2-console'. Database available at 'jdbc:h2:mem:feedb'
2025-05-09 16:14:40,489 INFO o.s.c.n.e.c.DiscoveryClientOptionalArgsConfiguration [restartedMain] Eureka HTTP Client uses RestTemplate.
2025-05-09 16:14:40,570 WARN o.s.c.l.c.LoadBalancerCacheAutoConfiguration$LoadBalancerCaffeineWarnLogger [restartedMain] Spring Cloud LoadBalancer is currently working with the default cache. While this cache implementation is useful for development and tests, it's recommended to use Caffeine cache in production.You can switch to using Caffeine cache, by adding it and org.springframework.cache.caffeine.CaffeineCacheManager to the classpath.
2025-05-09 16:14:40,664 INFO o.s.c.n.e.InstanceInfoFactory [restartedMain] Setting initial instance status as: STARTING
2025-05-09 16:14:40,674 INFO c.n.d.DiscoveryClient [restartedMain] Initializing Eureka in region us-east-1
2025-05-09 16:14:40,674 INFO c.n.d.s.r.a.ConfigClusterResolver [restartedMain] Resolving eureka endpoints via configuration
2025-05-09 16:14:40,674 INFO c.n.d.DiscoveryClient [restartedMain] Disable delta property : false
2025-05-09 16:14:40,676 INFO c.n.d.DiscoveryClient [restartedMain] Single vip registry refresh property : null
2025-05-09 16:14:40,676 INFO c.n.d.DiscoveryClient [restartedMain] Force full registry fetch : false
2025-05-09 16:14:40,676 INFO c.n.d.DiscoveryClient [restartedMain] Application is null : false
2025-05-09 16:14:40,676 INFO c.n.d.DiscoveryClient [restartedMain] Registered Applications size is zero : true
2025-05-09 16:14:40,676 INFO c.n.d.DiscoveryClient [restartedMain] Application version is -1: true
2025-05-09 16:14:40,676 INFO c.n.d.DiscoveryClient [restartedMain] Getting all instance registry info from the eureka server
2025-05-09 16:14:40,741 INFO c.n.d.DiscoveryClient [restartedMain] The response status is 200
2025-05-09 16:14:40,742 INFO c.n.d.DiscoveryClient [restartedMain] Starting heartbeat executor: renew interval is: 30
2025-05-09 16:14:40,743 INFO c.n.d.InstanceInfoReplicator [restartedMain] InstanceInfoReplicator onDemand update allowed rate per min is 4
2025-05-09 16:14:40,744 INFO c.n.d.DiscoveryClient [restartedMain] Discovery Client initialized at timestamp 1746792880744 with initial instances count: 4
2025-05-09 16:14:40,774 INFO o.s.c.n.e.s.EurekaServiceRegistry [restartedMain] Registering application FEE-SERVICE with eureka with status UP
2025-05-09 16:14:40,774 INFO c.n.d.DiscoveryClient [restartedMain] Saw local status change event StatusChangeEvent [timestamp=1746792880774, current=UP, previous=STARTING]
2025-05-09 16:14:40,774 INFO c.n.d.DiscoveryClient [DiscoveryClient-InstanceInfoReplicator-%d] DiscoveryClient_FEE-SERVICE/Ahinsingh:fee-service:8081: registering service...
2025-05-09 16:14:40,775 INFO o.a.c.h.Http11NioProtocol [restartedMain] Starting ProtocolHandler ["http-nio-8081"]
2025-05-09 16:14:40,783 INFO o.s.b.w.e.t.TomcatWebServer [restartedMain] Tomcat started on port 8081 (http) with context path '/'
2025-05-09 16:14:40,784 INFO o.s.c.n.e.s.EurekaAutoServiceRegistration [restartedMain] Updating port to 8081
2025-05-09 16:14:40,800 INFO c.n.d.DiscoveryClient [DiscoveryClient-InstanceInfoReplicator-%d] DiscoveryClient_FEE-SERVICE/Ahinsingh:fee-service:8081 - registration status: 204
2025-05-09 16:14:40,804 INFO c.f.FeeProcessApplication [restartedMain] Started FeeProcessApplication in 6.019 seconds (process running for 1498.338)
2025-05-09 16:14:40,810 INFO o.s.b.d.a.ConditionEvaluationDeltaLoggingListener [restartedMain] Condition evaluation unchanged
2025-05-09 16:14:41,854 INFO o.s.b.d.a.LocalDevToolsAutoConfiguration$RestartingClassPathChangeChangedEventListener [File Watcher] Restarting due to 29 class path changes (0 additions, 0 deletions, 29 modifications)
2025-05-09 16:14:41,855 INFO o.s.c.n.e.s.EurekaServiceRegistry [Thread-14] Unregistering application FEE-SERVICE with eureka with status DOWN
2025-05-09 16:14:41,855 INFO c.n.d.DiscoveryClient [Thread-14] Saw local status change event StatusChangeEvent [timestamp=1746792881855, current=DOWN, previous=UP]
2025-05-09 16:14:41,856 INFO c.n.d.DiscoveryClient [DiscoveryClient-InstanceInfoReplicator-%d] DiscoveryClient_FEE-SERVICE/Ahinsingh:fee-service:8081: registering service...
2025-05-09 16:14:41,857 INFO o.s.b.w.e.t.GracefulShutdown [Thread-14] Commencing graceful shutdown. Waiting for active requests to complete
2025-05-09 16:14:41,857 INFO o.a.c.h.Http11NioProtocol [tomcat-shutdown] Pausing ProtocolHandler ["http-nio-8081"]
2025-05-09 16:14:41,862 INFO c.n.d.DiscoveryClient [DiscoveryClient-InstanceInfoReplicator-%d] DiscoveryClient_FEE-SERVICE/Ahinsingh:fee-service:8081 - registration status: 204
2025-05-09 16:14:41,868 INFO o.s.b.w.e.t.GracefulShutdown [tomcat-shutdown] Graceful shutdown complete
2025-05-09 16:14:41,868 INFO o.a.c.h.Http11NioProtocol [Thread-14] Stopping ProtocolHandler ["http-nio-8081"]
2025-05-09 16:14:41,876 INFO o.s.o.j.LocalContainerEntityManagerFactoryBean [Thread-14] Closing JPA EntityManagerFactory for persistence unit 'default'
2025-05-09 16:14:41,877 WARN o.s.b.f.s.DisposableBeanAdapter [Thread-14] Invocation of destroy method failed on bean with name 'inMemoryDatabaseShutdownExecutor': org.h2.jdbc.JdbcSQLNonTransientConnectionException: Database is already closed (to disable automatic closing at VM shutdown, add ";DB_CLOSE_ON_EXIT=FALSE" to the db URL) [90121-232]
2025-05-09 16:14:41,879 INFO c.z.h.HikariDataSource [Thread-14] HikariPool-3 - Shutdown initiated...
2025-05-09 16:14:41,879 INFO c.z.h.HikariDataSource [Thread-14] HikariPool-3 - Shutdown completed.
2025-05-09 16:14:41,880 INFO c.n.d.DiscoveryClient [Thread-14] Shutting down DiscoveryClient ...
2025-05-09 16:14:44,889 INFO c.n.d.DiscoveryClient [Thread-14] Unregistering ...
2025-05-09 16:14:44,910 INFO c.n.d.DiscoveryClient [Thread-14] DiscoveryClient_FEE-SERVICE/Ahinsingh:fee-service:8081 - deregister  status: 200
2025-05-09 16:14:44,910 INFO c.n.d.DiscoveryClient [Thread-14] Completed shut down of DiscoveryClient
2025-05-09 16:14:45,123 INFO c.f.FeeProcessApplication [restartedMain] Starting FeeProcessApplication using Java 21.0.6 with PID 36336 (C:\Users\ahins\workspace\fee-process-management\target\classes started by ahins in C:\Users\ahins\workspace\fee-process-management)
2025-05-09 16:14:45,123 INFO c.f.FeeProcessApplication [restartedMain] No active profile set, falling back to 1 default profile: "default"
2025-05-09 16:14:45,617 INFO o.s.d.r.c.RepositoryConfigurationDelegate [restartedMain] Bootstrapping Spring Data JPA repositories in DEFAULT mode.
2025-05-09 16:14:45,630 INFO o.s.d.r.c.RepositoryConfigurationDelegate [restartedMain] Finished Spring Data repository scanning in 12 ms. Found 2 JPA repository interfaces.
2025-05-09 16:14:45,807 INFO o.s.c.c.s.GenericScope [restartedMain] BeanFactory id=af789b4c-290f-3dc0-a419-fc50b6e3a8b0
2025-05-09 16:14:46,238 INFO o.s.b.w.e.t.TomcatWebServer [restartedMain] Tomcat initialized with port 8081 (http)
2025-05-09 16:14:46,238 INFO o.a.c.h.Http11NioProtocol [restartedMain] Initializing ProtocolHandler ["http-nio-8081"]
2025-05-09 16:14:46,239 INFO o.a.c.c.StandardService [restartedMain] Starting service [Tomcat]
2025-05-09 16:14:46,239 INFO o.a.c.c.StandardEngine [restartedMain] Starting Servlet engine: [Apache Tomcat/10.1.39]
2025-05-09 16:14:46,268 INFO o.a.c.c.C.[.[.[/] [restartedMain] Initializing Spring embedded WebApplicationContext
2025-05-09 16:14:46,269 INFO o.s.b.w.s.c.ServletWebServerApplicationContext [restartedMain] Root WebApplicationContext: initialization completed in 1141 ms
2025-05-09 16:14:46,427 INFO o.h.j.i.u.LogHelper [restartedMain] HHH000204: Processing PersistenceUnitInfo [name: default]
2025-05-09 16:14:46,431 INFO o.h.c.i.RegionFactoryInitiator [restartedMain] HHH000026: Second-level cache disabled
2025-05-09 16:14:46,440 INFO o.s.o.j.p.SpringPersistenceUnitInfo [restartedMain] No LoadTimeWeaver setup: ignoring JPA class transformer
2025-05-09 16:14:46,440 INFO c.z.h.HikariDataSource [restartedMain] HikariPool-4 - Starting...
2025-05-09 16:14:46,443 INFO c.z.h.p.HikariPool [restartedMain] HikariPool-4 - Added connection conn30: url=jdbc:h2:mem:feedb user=SA
2025-05-09 16:14:46,444 INFO c.z.h.HikariDataSource [restartedMain] HikariPool-4 - Start completed.
2025-05-09 16:14:46,444 WARN o.h.o.deprecation [restartedMain] HHH90000025: H2Dialect does not need to be specified explicitly using 'hibernate.dialect' (remove the property setting and it will be selected by default)
2025-05-09 16:14:46,445 INFO o.h.o.c.pooling [restartedMain] HHH10001005: Database info:
	Database JDBC URL [Connecting through datasource 'HikariDataSource (HikariPool-4)']
	Database driver: undefined/unknown
	Database version: 2.3.232
	Autocommit mode: undefined/unknown
	Isolation level: undefined/unknown
	Minimum pool size: undefined/unknown
	Maximum pool size: undefined/unknown
2025-05-09 16:14:46,558 INFO o.h.e.t.j.p.i.JtaPlatformInitiator [restartedMain] HHH000489: No JTA platform available (set 'hibernate.transaction.jta.platform' to enable JTA platform integration)
2025-05-09 16:14:46,562 INFO o.s.o.j.LocalContainerEntityManagerFactoryBean [restartedMain] Initialized JPA EntityManagerFactory for persistence unit 'default'
2025-05-09 16:14:47,195 WARN o.s.b.a.o.j.JpaBaseConfiguration$JpaWebConfiguration [restartedMain] spring.jpa.open-in-view is enabled by default. Therefore, database queries may be performed during view rendering. Explicitly configure spring.jpa.open-in-view to disable this warning
2025-05-09 16:14:47,342 WARN o.s.b.d.a.OptionalLiveReloadServer [restartedMain] Unable to start LiveReload server
2025-05-09 16:14:47,482 INFO o.s.c.o.FeignClientFactoryBean [restartedMain] For 'student-service' URL not provided. Will try picking an instance via load-balancing.
2025-05-09 16:14:47,632 INFO o.s.c.o.FeignClientFactoryBean [restartedMain] For 'catalog-service' URL not provided. Will try picking an instance via load-balancing.
2025-05-09 16:14:48,217 INFO o.s.v.b.OptionalValidatorFactoryBean [restartedMain] Failed to set up a Bean Validation provider: jakarta.validation.NoProviderFoundException: Unable to create a Configuration, because no Jakarta Bean Validation provider could be found. Add a provider like Hibernate Validator (RI) to your classpath.
2025-05-09 16:14:49,126 INFO o.s.b.a.h.H2ConsoleAutoConfiguration [restartedMain] H2 console available at '/h2-console'. Database available at 'jdbc:h2:mem:feedb'
2025-05-09 16:14:49,417 INFO o.s.c.n.e.c.DiscoveryClientOptionalArgsConfiguration [restartedMain] Eureka HTTP Client uses RestTemplate.
2025-05-09 16:14:49,515 WARN o.s.c.l.c.LoadBalancerCacheAutoConfiguration$LoadBalancerCaffeineWarnLogger [restartedMain] Spring Cloud LoadBalancer is currently working with the default cache. While this cache implementation is useful for development and tests, it's recommended to use Caffeine cache in production.You can switch to using Caffeine cache, by adding it and org.springframework.cache.caffeine.CaffeineCacheManager to the classpath.
2025-05-09 16:14:49,568 INFO o.s.c.n.e.InstanceInfoFactory [restartedMain] Setting initial instance status as: STARTING
2025-05-09 16:14:49,576 INFO c.n.d.DiscoveryClient [restartedMain] Initializing Eureka in region us-east-1
2025-05-09 16:14:49,577 INFO c.n.d.s.r.a.ConfigClusterResolver [restartedMain] Resolving eureka endpoints via configuration
2025-05-09 16:14:49,578 INFO c.n.d.DiscoveryClient [restartedMain] Disable delta property : false
2025-05-09 16:14:49,578 INFO c.n.d.DiscoveryClient [restartedMain] Single vip registry refresh property : null
2025-05-09 16:14:49,578 INFO c.n.d.DiscoveryClient [restartedMain] Force full registry fetch : false
2025-05-09 16:14:49,578 INFO c.n.d.DiscoveryClient [restartedMain] Application is null : false
2025-05-09 16:14:49,578 INFO c.n.d.DiscoveryClient [restartedMain] Registered Applications size is zero : true
2025-05-09 16:14:49,578 INFO c.n.d.DiscoveryClient [restartedMain] Application version is -1: true
2025-05-09 16:14:49,578 INFO c.n.d.DiscoveryClient [restartedMain] Getting all instance registry info from the eureka server
2025-05-09 16:14:49,648 INFO c.n.d.DiscoveryClient [restartedMain] The response status is 200
2025-05-09 16:14:49,649 INFO c.n.d.DiscoveryClient [restartedMain] Starting heartbeat executor: renew interval is: 30
2025-05-09 16:14:49,650 INFO c.n.d.InstanceInfoReplicator [restartedMain] InstanceInfoReplicator onDemand update allowed rate per min is 4
2025-05-09 16:14:49,650 INFO c.n.d.DiscoveryClient [restartedMain] Discovery Client initialized at timestamp 1746792889650 with initial instances count: 4
2025-05-09 16:14:49,682 INFO o.s.c.n.e.s.EurekaServiceRegistry [restartedMain] Registering application FEE-SERVICE with eureka with status UP
2025-05-09 16:14:49,682 INFO c.n.d.DiscoveryClient [restartedMain] Saw local status change event StatusChangeEvent [timestamp=1746792889682, current=UP, previous=STARTING]
2025-05-09 16:14:49,682 INFO c.n.d.DiscoveryClient [DiscoveryClient-InstanceInfoReplicator-%d] DiscoveryClient_FEE-SERVICE/Ahinsingh:fee-service:8081: registering service...
2025-05-09 16:14:49,683 INFO o.a.c.h.Http11NioProtocol [restartedMain] Starting ProtocolHandler ["http-nio-8081"]
2025-05-09 16:14:49,693 INFO o.s.b.w.e.t.TomcatWebServer [restartedMain] Tomcat started on port 8081 (http) with context path '/'
2025-05-09 16:14:49,693 INFO o.s.c.n.e.s.EurekaAutoServiceRegistration [restartedMain] Updating port to 8081
2025-05-09 16:14:49,718 INFO c.n.d.DiscoveryClient [DiscoveryClient-InstanceInfoReplicator-%d] DiscoveryClient_FEE-SERVICE/Ahinsingh:fee-service:8081 - registration status: 204
2025-05-09 16:14:49,754 INFO c.f.FeeProcessApplication [restartedMain] Started FeeProcessApplication in 4.716 seconds (process running for 1507.287)
2025-05-09 16:14:49,757 INFO o.s.b.d.a.ConditionEvaluationDeltaLoggingListener [restartedMain] Condition evaluation unchanged
2025-05-09 16:18:04,908 INFO o.s.b.d.a.LocalDevToolsAutoConfiguration$RestartingClassPathChangeChangedEventListener [File Watcher] Restarting due to 3 class path changes (0 additions, 0 deletions, 3 modifications)
2025-05-09 16:18:04,912 INFO o.s.c.n.e.s.EurekaServiceRegistry [Thread-20] Unregistering application FEE-SERVICE with eureka with status DOWN
2025-05-09 16:18:04,912 INFO c.n.d.DiscoveryClient [Thread-20] Saw local status change event StatusChangeEvent [timestamp=1746793084912, current=DOWN, previous=UP]
2025-05-09 16:18:04,913 INFO c.n.d.DiscoveryClient [DiscoveryClient-InstanceInfoReplicator-%d] DiscoveryClient_FEE-SERVICE/Ahinsingh:fee-service:8081: registering service...
2025-05-09 16:18:04,914 INFO o.s.b.w.e.t.GracefulShutdown [Thread-20] Commencing graceful shutdown. Waiting for active requests to complete
2025-05-09 16:18:04,916 INFO o.a.c.h.Http11NioProtocol [tomcat-shutdown] Pausing ProtocolHandler ["http-nio-8081"]
2025-05-09 16:18:04,935 INFO c.n.d.DiscoveryClient [DiscoveryClient-InstanceInfoReplicator-%d] DiscoveryClient_FEE-SERVICE/Ahinsingh:fee-service:8081 - registration status: 204
2025-05-09 16:18:04,940 INFO o.s.b.w.e.t.GracefulShutdown [tomcat-shutdown] Graceful shutdown complete
2025-05-09 16:18:04,941 INFO o.a.c.h.Http11NioProtocol [Thread-20] Stopping ProtocolHandler ["http-nio-8081"]
2025-05-09 16:18:04,956 INFO o.s.o.j.LocalContainerEntityManagerFactoryBean [Thread-20] Closing JPA EntityManagerFactory for persistence unit 'default'
2025-05-09 16:18:04,956 WARN o.s.b.f.s.DisposableBeanAdapter [Thread-20] Invocation of destroy method failed on bean with name 'inMemoryDatabaseShutdownExecutor': org.h2.jdbc.JdbcSQLNonTransientConnectionException: Database is already closed (to disable automatic closing at VM shutdown, add ";DB_CLOSE_ON_EXIT=FALSE" to the db URL) [90121-232]
2025-05-09 16:18:04,958 INFO c.z.h.HikariDataSource [Thread-20] HikariPool-4 - Shutdown initiated...
2025-05-09 16:18:04,962 INFO c.z.h.HikariDataSource [Thread-20] HikariPool-4 - Shutdown completed.
2025-05-09 16:18:04,964 INFO c.n.d.DiscoveryClient [Thread-20] Shutting down DiscoveryClient ...
2025-05-09 16:18:07,973 INFO c.n.d.DiscoveryClient [Thread-20] Unregistering ...
2025-05-09 16:18:07,993 INFO c.n.d.DiscoveryClient [Thread-20] DiscoveryClient_FEE-SERVICE/Ahinsingh:fee-service:8081 - deregister  status: 200
2025-05-09 16:18:07,993 INFO c.n.d.DiscoveryClient [Thread-20] Completed shut down of DiscoveryClient
2025-05-09 16:18:08,310 INFO c.f.FeeProcessApplication [restartedMain] Starting FeeProcessApplication using Java 21.0.6 with PID 36336 (C:\Users\ahins\workspace\fee-process-management\target\classes started by ahins in C:\Users\ahins\workspace\fee-process-management)
2025-05-09 16:18:08,310 INFO c.f.FeeProcessApplication [restartedMain] No active profile set, falling back to 1 default profile: "default"
2025-05-09 16:18:09,970 INFO o.s.d.r.c.RepositoryConfigurationDelegate [restartedMain] Bootstrapping Spring Data JPA repositories in DEFAULT mode.
2025-05-09 16:18:10,002 INFO o.s.d.r.c.RepositoryConfigurationDelegate [restartedMain] Finished Spring Data repository scanning in 29 ms. Found 2 JPA repository interfaces.
2025-05-09 16:18:10,389 INFO o.s.c.c.s.GenericScope [restartedMain] BeanFactory id=af789b4c-290f-3dc0-a419-fc50b6e3a8b0
2025-05-09 16:18:11,243 INFO o.s.b.w.e.t.TomcatWebServer [restartedMain] Tomcat initialized with port 8081 (http)
2025-05-09 16:18:11,245 INFO o.a.c.h.Http11NioProtocol [restartedMain] Initializing ProtocolHandler ["http-nio-8081"]
2025-05-09 16:18:11,246 INFO o.a.c.c.StandardService [restartedMain] Starting service [Tomcat]
2025-05-09 16:18:11,246 INFO o.a.c.c.StandardEngine [restartedMain] Starting Servlet engine: [Apache Tomcat/10.1.39]
2025-05-09 16:18:11,280 INFO o.a.c.c.C.[.[.[/] [restartedMain] Initializing Spring embedded WebApplicationContext
2025-05-09 16:18:11,280 INFO o.s.b.w.s.c.ServletWebServerApplicationContext [restartedMain] Root WebApplicationContext: initialization completed in 2962 ms
2025-05-09 16:18:11,576 INFO o.h.j.i.u.LogHelper [restartedMain] HHH000204: Processing PersistenceUnitInfo [name: default]
2025-05-09 16:18:11,578 INFO o.h.c.i.RegionFactoryInitiator [restartedMain] HHH000026: Second-level cache disabled
2025-05-09 16:18:11,592 INFO o.s.o.j.p.SpringPersistenceUnitInfo [restartedMain] No LoadTimeWeaver setup: ignoring JPA class transformer
2025-05-09 16:18:11,593 INFO c.z.h.HikariDataSource [restartedMain] HikariPool-5 - Starting...
2025-05-09 16:18:11,595 INFO c.z.h.p.HikariPool [restartedMain] HikariPool-5 - Added connection conn40: url=jdbc:h2:mem:feedb user=SA
2025-05-09 16:18:11,595 INFO c.z.h.HikariDataSource [restartedMain] HikariPool-5 - Start completed.
2025-05-09 16:18:11,596 WARN o.h.o.deprecation [restartedMain] HHH90000025: H2Dialect does not need to be specified explicitly using 'hibernate.dialect' (remove the property setting and it will be selected by default)
2025-05-09 16:18:11,596 INFO o.h.o.c.pooling [restartedMain] HHH10001005: Database info:
	Database JDBC URL [Connecting through datasource 'HikariDataSource (HikariPool-5)']
	Database driver: undefined/unknown
	Database version: 2.3.232
	Autocommit mode: undefined/unknown
	Isolation level: undefined/unknown
	Minimum pool size: undefined/unknown
	Maximum pool size: undefined/unknown
2025-05-09 16:18:11,678 INFO o.h.e.t.j.p.i.JtaPlatformInitiator [restartedMain] HHH000489: No JTA platform available (set 'hibernate.transaction.jta.platform' to enable JTA platform integration)
2025-05-09 16:18:11,685 INFO o.s.o.j.LocalContainerEntityManagerFactoryBean [restartedMain] Initialized JPA EntityManagerFactory for persistence unit 'default'
2025-05-09 16:18:12,340 WARN o.s.b.a.o.j.JpaBaseConfiguration$JpaWebConfiguration [restartedMain] spring.jpa.open-in-view is enabled by default. Therefore, database queries may be performed during view rendering. Explicitly configure spring.jpa.open-in-view to disable this warning
2025-05-09 16:18:12,466 WARN o.s.b.d.a.OptionalLiveReloadServer [restartedMain] Unable to start LiveReload server
2025-05-09 16:18:12,535 INFO o.s.c.o.FeignClientFactoryBean [restartedMain] For 'student-service' URL not provided. Will try picking an instance via load-balancing.
2025-05-09 16:18:12,622 INFO o.s.c.o.FeignClientFactoryBean [restartedMain] For 'catalog-service' URL not provided. Will try picking an instance via load-balancing.
2025-05-09 16:18:13,117 INFO o.s.v.b.OptionalValidatorFactoryBean [restartedMain] Failed to set up a Bean Validation provider: jakarta.validation.NoProviderFoundException: Unable to create a Configuration, because no Jakarta Bean Validation provider could be found. Add a provider like Hibernate Validator (RI) to your classpath.
2025-05-09 16:18:14,208 INFO o.s.b.a.h.H2ConsoleAutoConfiguration [restartedMain] H2 console available at '/h2-console'. Database available at 'jdbc:h2:mem:feedb'
2025-05-09 16:18:14,540 INFO o.s.c.n.e.c.DiscoveryClientOptionalArgsConfiguration [restartedMain] Eureka HTTP Client uses RestTemplate.
2025-05-09 16:18:14,639 WARN o.s.c.l.c.LoadBalancerCacheAutoConfiguration$LoadBalancerCaffeineWarnLogger [restartedMain] Spring Cloud LoadBalancer is currently working with the default cache. While this cache implementation is useful for development and tests, it's recommended to use Caffeine cache in production.You can switch to using Caffeine cache, by adding it and org.springframework.cache.caffeine.CaffeineCacheManager to the classpath.
2025-05-09 16:18:14,782 INFO o.s.c.n.e.InstanceInfoFactory [restartedMain] Setting initial instance status as: STARTING
2025-05-09 16:18:14,790 INFO c.n.d.DiscoveryClient [restartedMain] Initializing Eureka in region us-east-1
2025-05-09 16:18:14,790 INFO c.n.d.s.r.a.ConfigClusterResolver [restartedMain] Resolving eureka endpoints via configuration
2025-05-09 16:18:14,791 INFO c.n.d.DiscoveryClient [restartedMain] Disable delta property : false
2025-05-09 16:18:14,791 INFO c.n.d.DiscoveryClient [restartedMain] Single vip registry refresh property : null
2025-05-09 16:18:14,791 INFO c.n.d.DiscoveryClient [restartedMain] Force full registry fetch : false
2025-05-09 16:18:14,791 INFO c.n.d.DiscoveryClient [restartedMain] Application is null : false
2025-05-09 16:18:14,791 INFO c.n.d.DiscoveryClient [restartedMain] Registered Applications size is zero : true
2025-05-09 16:18:14,791 INFO c.n.d.DiscoveryClient [restartedMain] Application version is -1: true
2025-05-09 16:18:14,791 INFO c.n.d.DiscoveryClient [restartedMain] Getting all instance registry info from the eureka server
2025-05-09 16:18:14,871 INFO c.n.d.DiscoveryClient [restartedMain] The response status is 200
2025-05-09 16:18:14,872 INFO c.n.d.DiscoveryClient [restartedMain] Starting heartbeat executor: renew interval is: 30
2025-05-09 16:18:14,872 INFO c.n.d.InstanceInfoReplicator [restartedMain] InstanceInfoReplicator onDemand update allowed rate per min is 4
2025-05-09 16:18:14,872 INFO c.n.d.DiscoveryClient [restartedMain] Discovery Client initialized at timestamp 1746793094872 with initial instances count: 3
2025-05-09 16:18:14,892 INFO o.s.c.n.e.s.EurekaServiceRegistry [restartedMain] Registering application FEE-SERVICE with eureka with status UP
2025-05-09 16:18:14,892 INFO c.n.d.DiscoveryClient [restartedMain] Saw local status change event StatusChangeEvent [timestamp=1746793094892, current=UP, previous=STARTING]
2025-05-09 16:18:14,892 INFO c.n.d.DiscoveryClient [DiscoveryClient-InstanceInfoReplicator-%d] DiscoveryClient_FEE-SERVICE/Ahinsingh:fee-service:8081: registering service...
2025-05-09 16:18:14,893 INFO o.a.c.h.Http11NioProtocol [restartedMain] Starting ProtocolHandler ["http-nio-8081"]
2025-05-09 16:18:14,903 INFO o.s.b.w.e.t.TomcatWebServer [restartedMain] Tomcat started on port 8081 (http) with context path '/'
2025-05-09 16:18:14,903 INFO o.s.c.n.e.s.EurekaAutoServiceRegistration [restartedMain] Updating port to 8081
2025-05-09 16:18:14,920 INFO c.n.d.DiscoveryClient [DiscoveryClient-InstanceInfoReplicator-%d] DiscoveryClient_FEE-SERVICE/Ahinsingh:fee-service:8081 - registration status: 204
2025-05-09 16:18:14,925 INFO c.f.FeeProcessApplication [restartedMain] Started FeeProcessApplication in 6.783 seconds (process running for 1712.458)
2025-05-09 16:18:14,926 INFO o.s.b.d.a.ConditionEvaluationDeltaLoggingListener [restartedMain] Condition evaluation unchanged
2025-05-09 16:18:15,884 INFO o.s.b.d.a.LocalDevToolsAutoConfiguration$RestartingClassPathChangeChangedEventListener [File Watcher] Restarting due to 29 class path changes (0 additions, 0 deletions, 29 modifications)
2025-05-09 16:18:15,886 INFO o.s.c.n.e.s.EurekaServiceRegistry [Thread-26] Unregistering application FEE-SERVICE with eureka with status DOWN
2025-05-09 16:18:15,886 INFO c.n.d.DiscoveryClient [Thread-26] Saw local status change event StatusChangeEvent [timestamp=1746793095886, current=DOWN, previous=UP]
2025-05-09 16:18:15,886 INFO c.n.d.DiscoveryClient [DiscoveryClient-InstanceInfoReplicator-%d] DiscoveryClient_FEE-SERVICE/Ahinsingh:fee-service:8081: registering service...
2025-05-09 16:18:15,887 INFO o.s.b.w.e.t.GracefulShutdown [Thread-26] Commencing graceful shutdown. Waiting for active requests to complete
2025-05-09 16:18:15,888 INFO o.a.c.h.Http11NioProtocol [tomcat-shutdown] Pausing ProtocolHandler ["http-nio-8081"]
2025-05-09 16:18:15,890 INFO c.n.d.DiscoveryClient [DiscoveryClient-InstanceInfoReplicator-%d] DiscoveryClient_FEE-SERVICE/Ahinsingh:fee-service:8081 - registration status: 204
2025-05-09 16:18:15,901 INFO o.s.b.w.e.t.GracefulShutdown [tomcat-shutdown] Graceful shutdown complete
2025-05-09 16:18:15,902 INFO o.a.c.h.Http11NioProtocol [Thread-26] Stopping ProtocolHandler ["http-nio-8081"]
2025-05-09 16:18:15,910 INFO o.s.o.j.LocalContainerEntityManagerFactoryBean [Thread-26] Closing JPA EntityManagerFactory for persistence unit 'default'
2025-05-09 16:18:15,910 WARN o.s.b.f.s.DisposableBeanAdapter [Thread-26] Invocation of destroy method failed on bean with name 'inMemoryDatabaseShutdownExecutor': org.h2.jdbc.JdbcSQLNonTransientConnectionException: Database is already closed (to disable automatic closing at VM shutdown, add ";DB_CLOSE_ON_EXIT=FALSE" to the db URL) [90121-232]
2025-05-09 16:18:15,911 INFO c.z.h.HikariDataSource [Thread-26] HikariPool-5 - Shutdown initiated...
2025-05-09 16:18:15,912 INFO c.z.h.HikariDataSource [Thread-26] HikariPool-5 - Shutdown completed.
2025-05-09 16:18:15,915 INFO c.n.d.DiscoveryClient [Thread-26] Shutting down DiscoveryClient ...
2025-05-09 16:18:18,922 INFO c.n.d.DiscoveryClient [Thread-26] Unregistering ...
2025-05-09 16:18:18,940 INFO c.n.d.DiscoveryClient [Thread-26] DiscoveryClient_FEE-SERVICE/Ahinsingh:fee-service:8081 - deregister  status: 200
2025-05-09 16:18:18,942 INFO c.n.d.DiscoveryClient [Thread-26] Completed shut down of DiscoveryClient
2025-05-09 16:18:19,152 INFO c.f.FeeProcessApplication [restartedMain] Starting FeeProcessApplication using Java 21.0.6 with PID 36336 (C:\Users\ahins\workspace\fee-process-management\target\classes started by ahins in C:\Users\ahins\workspace\fee-process-management)
2025-05-09 16:18:19,153 INFO c.f.FeeProcessApplication [restartedMain] No active profile set, falling back to 1 default profile: "default"
2025-05-09 16:18:19,657 INFO o.s.d.r.c.RepositoryConfigurationDelegate [restartedMain] Bootstrapping Spring Data JPA repositories in DEFAULT mode.
2025-05-09 16:18:19,675 INFO o.s.d.r.c.RepositoryConfigurationDelegate [restartedMain] Finished Spring Data repository scanning in 16 ms. Found 2 JPA repository interfaces.
2025-05-09 16:18:19,823 INFO o.s.c.c.s.GenericScope [restartedMain] BeanFactory id=af789b4c-290f-3dc0-a419-fc50b6e3a8b0
2025-05-09 16:18:20,156 INFO o.s.b.w.e.t.TomcatWebServer [restartedMain] Tomcat initialized with port 8081 (http)
2025-05-09 16:18:20,156 INFO o.a.c.h.Http11NioProtocol [restartedMain] Initializing ProtocolHandler ["http-nio-8081"]
2025-05-09 16:18:20,156 INFO o.a.c.c.StandardService [restartedMain] Starting service [Tomcat]
2025-05-09 16:18:20,157 INFO o.a.c.c.StandardEngine [restartedMain] Starting Servlet engine: [Apache Tomcat/10.1.39]
2025-05-09 16:18:20,186 INFO o.a.c.c.C.[.[.[/] [restartedMain] Initializing Spring embedded WebApplicationContext
2025-05-09 16:18:20,186 INFO o.s.b.w.s.c.ServletWebServerApplicationContext [restartedMain] Root WebApplicationContext: initialization completed in 1031 ms
2025-05-09 16:18:20,380 INFO o.h.j.i.u.LogHelper [restartedMain] HHH000204: Processing PersistenceUnitInfo [name: default]
2025-05-09 16:18:20,387 INFO o.h.c.i.RegionFactoryInitiator [restartedMain] HHH000026: Second-level cache disabled
2025-05-09 16:18:20,410 INFO o.s.o.j.p.SpringPersistenceUnitInfo [restartedMain] No LoadTimeWeaver setup: ignoring JPA class transformer
2025-05-09 16:18:20,413 INFO c.z.h.HikariDataSource [restartedMain] HikariPool-6 - Starting...
2025-05-09 16:18:20,417 INFO c.z.h.p.HikariPool [restartedMain] HikariPool-6 - Added connection conn50: url=jdbc:h2:mem:feedb user=SA
2025-05-09 16:18:20,418 INFO c.z.h.HikariDataSource [restartedMain] HikariPool-6 - Start completed.
2025-05-09 16:18:20,419 WARN o.h.o.deprecation [restartedMain] HHH90000025: H2Dialect does not need to be specified explicitly using 'hibernate.dialect' (remove the property setting and it will be selected by default)
2025-05-09 16:18:20,419 INFO o.h.o.c.pooling [restartedMain] HHH10001005: Database info:
	Database JDBC URL [Connecting through datasource 'HikariDataSource (HikariPool-6)']
	Database driver: undefined/unknown
	Database version: 2.3.232
	Autocommit mode: undefined/unknown
	Isolation level: undefined/unknown
	Minimum pool size: undefined/unknown
	Maximum pool size: undefined/unknown
2025-05-09 16:18:20,529 INFO o.h.e.t.j.p.i.JtaPlatformInitiator [restartedMain] HHH000489: No JTA platform available (set 'hibernate.transaction.jta.platform' to enable JTA platform integration)
2025-05-09 16:18:20,536 INFO o.s.o.j.LocalContainerEntityManagerFactoryBean [restartedMain] Initialized JPA EntityManagerFactory for persistence unit 'default'
2025-05-09 16:18:21,408 WARN o.s.b.a.o.j.JpaBaseConfiguration$JpaWebConfiguration [restartedMain] spring.jpa.open-in-view is enabled by default. Therefore, database queries may be performed during view rendering. Explicitly configure spring.jpa.open-in-view to disable this warning
2025-05-09 16:18:21,552 WARN o.s.b.d.a.OptionalLiveReloadServer [restartedMain] Unable to start LiveReload server
2025-05-09 16:18:21,665 INFO o.s.c.o.FeignClientFactoryBean [restartedMain] For 'student-service' URL not provided. Will try picking an instance via load-balancing.
2025-05-09 16:18:21,744 INFO o.s.c.o.FeignClientFactoryBean [restartedMain] For 'catalog-service' URL not provided. Will try picking an instance via load-balancing.
2025-05-09 16:18:22,236 INFO o.s.v.b.OptionalValidatorFactoryBean [restartedMain] Failed to set up a Bean Validation provider: jakarta.validation.NoProviderFoundException: Unable to create a Configuration, because no Jakarta Bean Validation provider could be found. Add a provider like Hibernate Validator (RI) to your classpath.
2025-05-09 16:18:23,381 INFO o.s.b.a.h.H2ConsoleAutoConfiguration [restartedMain] H2 console available at '/h2-console'. Database available at 'jdbc:h2:mem:feedb'
2025-05-09 16:18:23,637 INFO o.s.c.n.e.c.DiscoveryClientOptionalArgsConfiguration [restartedMain] Eureka HTTP Client uses RestTemplate.
2025-05-09 16:18:23,722 WARN o.s.c.l.c.LoadBalancerCacheAutoConfiguration$LoadBalancerCaffeineWarnLogger [restartedMain] Spring Cloud LoadBalancer is currently working with the default cache. While this cache implementation is useful for development and tests, it's recommended to use Caffeine cache in production.You can switch to using Caffeine cache, by adding it and org.springframework.cache.caffeine.CaffeineCacheManager to the classpath.
2025-05-09 16:18:23,791 INFO o.s.c.n.e.InstanceInfoFactory [restartedMain] Setting initial instance status as: STARTING
2025-05-09 16:18:23,800 INFO c.n.d.DiscoveryClient [restartedMain] Initializing Eureka in region us-east-1
2025-05-09 16:18:23,800 INFO c.n.d.s.r.a.ConfigClusterResolver [restartedMain] Resolving eureka endpoints via configuration
2025-05-09 16:18:23,800 INFO c.n.d.DiscoveryClient [restartedMain] Disable delta property : false
2025-05-09 16:18:23,800 INFO c.n.d.DiscoveryClient [restartedMain] Single vip registry refresh property : null
2025-05-09 16:18:23,800 INFO c.n.d.DiscoveryClient [restartedMain] Force full registry fetch : false
2025-05-09 16:18:23,800 INFO c.n.d.DiscoveryClient [restartedMain] Application is null : false
2025-05-09 16:18:23,800 INFO c.n.d.DiscoveryClient [restartedMain] Registered Applications size is zero : true
2025-05-09 16:18:23,800 INFO c.n.d.DiscoveryClient [restartedMain] Application version is -1: true
2025-05-09 16:18:23,800 INFO c.n.d.DiscoveryClient [restartedMain] Getting all instance registry info from the eureka server
2025-05-09 16:18:23,863 INFO c.n.d.DiscoveryClient [restartedMain] The response status is 200
2025-05-09 16:18:23,865 INFO c.n.d.DiscoveryClient [restartedMain] Starting heartbeat executor: renew interval is: 30
2025-05-09 16:18:23,865 INFO c.n.d.InstanceInfoReplicator [restartedMain] InstanceInfoReplicator onDemand update allowed rate per min is 4
2025-05-09 16:18:23,865 INFO c.n.d.DiscoveryClient [restartedMain] Discovery Client initialized at timestamp 1746793103865 with initial instances count: 3
2025-05-09 16:18:23,887 INFO o.s.c.n.e.s.EurekaServiceRegistry [restartedMain] Registering application FEE-SERVICE with eureka with status UP
2025-05-09 16:18:23,887 INFO c.n.d.DiscoveryClient [restartedMain] Saw local status change event StatusChangeEvent [timestamp=1746793103887, current=UP, previous=STARTING]
2025-05-09 16:18:23,887 INFO c.n.d.DiscoveryClient [DiscoveryClient-InstanceInfoReplicator-%d] DiscoveryClient_FEE-SERVICE/Ahinsingh:fee-service:8081: registering service...
2025-05-09 16:18:23,888 INFO o.a.c.h.Http11NioProtocol [restartedMain] Starting ProtocolHandler ["http-nio-8081"]
2025-05-09 16:18:23,892 INFO o.s.b.w.e.t.TomcatWebServer [restartedMain] Tomcat started on port 8081 (http) with context path '/'
2025-05-09 16:18:23,893 INFO o.s.c.n.e.s.EurekaAutoServiceRegistration [restartedMain] Updating port to 8081
2025-05-09 16:18:23,908 INFO c.n.d.DiscoveryClient [DiscoveryClient-InstanceInfoReplicator-%d] DiscoveryClient_FEE-SERVICE/Ahinsingh:fee-service:8081 - registration status: 204
2025-05-09 16:18:23,913 INFO c.f.FeeProcessApplication [restartedMain] Started FeeProcessApplication in 4.857 seconds (process running for 1721.448)
2025-05-09 16:18:23,918 INFO o.s.b.d.a.ConditionEvaluationDeltaLoggingListener [restartedMain] Condition evaluation unchanged
2025-05-09 16:18:33,246 INFO o.s.b.d.a.LocalDevToolsAutoConfiguration$RestartingClassPathChangeChangedEventListener [File Watcher] Restarting due to 3 class path changes (0 additions, 0 deletions, 3 modifications)
2025-05-09 16:18:33,249 INFO o.s.c.n.e.s.EurekaServiceRegistry [Thread-32] Unregistering application FEE-SERVICE with eureka with status DOWN
2025-05-09 16:18:33,250 INFO c.n.d.DiscoveryClient [Thread-32] Saw local status change event StatusChangeEvent [timestamp=1746793113250, current=DOWN, previous=UP]
2025-05-09 16:18:33,250 INFO c.n.d.DiscoveryClient [DiscoveryClient-InstanceInfoReplicator-%d] DiscoveryClient_FEE-SERVICE/Ahinsingh:fee-service:8081: registering service...
2025-05-09 16:18:33,256 INFO o.s.b.w.e.t.GracefulShutdown [Thread-32] Commencing graceful shutdown. Waiting for active requests to complete
2025-05-09 16:18:33,270 INFO c.n.d.DiscoveryClient [DiscoveryClient-InstanceInfoReplicator-%d] DiscoveryClient_FEE-SERVICE/Ahinsingh:fee-service:8081 - registration status: 204
2025-05-09 16:18:33,283 INFO o.a.c.h.Http11NioProtocol [tomcat-shutdown] Pausing ProtocolHandler ["http-nio-8081"]
2025-05-09 16:18:33,365 INFO o.s.b.w.e.t.GracefulShutdown [tomcat-shutdown] Graceful shutdown complete
2025-05-09 16:18:33,366 INFO o.a.c.h.Http11NioProtocol [Thread-32] Stopping ProtocolHandler ["http-nio-8081"]
2025-05-09 16:18:33,375 INFO o.s.o.j.LocalContainerEntityManagerFactoryBean [Thread-32] Closing JPA EntityManagerFactory for persistence unit 'default'
2025-05-09 16:18:33,377 WARN o.s.b.f.s.DisposableBeanAdapter [Thread-32] Invocation of destroy method failed on bean with name 'inMemoryDatabaseShutdownExecutor': org.h2.jdbc.JdbcSQLNonTransientConnectionException: Database is already closed (to disable automatic closing at VM shutdown, add ";DB_CLOSE_ON_EXIT=FALSE" to the db URL) [90121-232]
2025-05-09 16:18:33,377 INFO c.z.h.HikariDataSource [Thread-32] HikariPool-6 - Shutdown initiated...
2025-05-09 16:18:33,380 INFO c.z.h.HikariDataSource [Thread-32] HikariPool-6 - Shutdown completed.
2025-05-09 16:18:33,381 INFO c.n.d.DiscoveryClient [Thread-32] Shutting down DiscoveryClient ...
2025-05-09 16:18:36,390 INFO c.n.d.DiscoveryClient [Thread-32] Unregistering ...
2025-05-09 16:18:36,408 INFO c.n.d.DiscoveryClient [Thread-32] DiscoveryClient_FEE-SERVICE/Ahinsingh:fee-service:8081 - deregister  status: 200
2025-05-09 16:18:36,409 INFO c.n.d.DiscoveryClient [Thread-32] Completed shut down of DiscoveryClient
2025-05-09 16:18:36,688 INFO c.f.FeeProcessApplication [restartedMain] Starting FeeProcessApplication using Java 21.0.6 with PID 36336 (C:\Users\ahins\workspace\fee-process-management\target\classes started by ahins in C:\Users\ahins\workspace\fee-process-management)
2025-05-09 16:18:36,688 INFO c.f.FeeProcessApplication [restartedMain] No active profile set, falling back to 1 default profile: "default"
2025-05-09 16:18:37,780 INFO o.s.d.r.c.RepositoryConfigurationDelegate [restartedMain] Bootstrapping Spring Data JPA repositories in DEFAULT mode.
2025-05-09 16:18:37,808 INFO o.s.d.r.c.RepositoryConfigurationDelegate [restartedMain] Finished Spring Data repository scanning in 25 ms. Found 2 JPA repository interfaces.
2025-05-09 16:18:38,108 INFO o.s.c.c.s.GenericScope [restartedMain] BeanFactory id=af789b4c-290f-3dc0-a419-fc50b6e3a8b0
2025-05-09 16:18:38,894 INFO o.s.b.w.e.t.TomcatWebServer [restartedMain] Tomcat initialized with port 8081 (http)
2025-05-09 16:18:38,896 INFO o.a.c.h.Http11NioProtocol [restartedMain] Initializing ProtocolHandler ["http-nio-8081"]
2025-05-09 16:18:38,896 INFO o.a.c.c.StandardService [restartedMain] Starting service [Tomcat]
2025-05-09 16:18:38,897 INFO o.a.c.c.StandardEngine [restartedMain] Starting Servlet engine: [Apache Tomcat/10.1.39]
2025-05-09 16:18:39,006 INFO o.a.c.c.C.[.[.[/] [restartedMain] Initializing Spring embedded WebApplicationContext
2025-05-09 16:18:39,006 INFO o.s.b.w.s.c.ServletWebServerApplicationContext [restartedMain] Root WebApplicationContext: initialization completed in 2315 ms
2025-05-09 16:18:39,476 INFO o.h.j.i.u.LogHelper [restartedMain] HHH000204: Processing PersistenceUnitInfo [name: default]
2025-05-09 16:18:39,497 INFO o.h.c.i.RegionFactoryInitiator [restartedMain] HHH000026: Second-level cache disabled
2025-05-09 16:18:39,511 INFO o.s.o.j.p.SpringPersistenceUnitInfo [restartedMain] No LoadTimeWeaver setup: ignoring JPA class transformer
2025-05-09 16:18:39,512 INFO c.z.h.HikariDataSource [restartedMain] HikariPool-7 - Starting...
2025-05-09 16:18:39,520 INFO c.z.h.p.HikariPool [restartedMain] HikariPool-7 - Added connection conn60: url=jdbc:h2:mem:feedb user=SA
2025-05-09 16:18:39,520 INFO c.z.h.HikariDataSource [restartedMain] HikariPool-7 - Start completed.
2025-05-09 16:18:39,521 WARN o.h.o.deprecation [restartedMain] HHH90000025: H2Dialect does not need to be specified explicitly using 'hibernate.dialect' (remove the property setting and it will be selected by default)
2025-05-09 16:18:39,522 INFO o.h.o.c.pooling [restartedMain] HHH10001005: Database info:
	Database JDBC URL [Connecting through datasource 'HikariDataSource (HikariPool-7)']
	Database driver: undefined/unknown
	Database version: 2.3.232
	Autocommit mode: undefined/unknown
	Isolation level: undefined/unknown
	Minimum pool size: undefined/unknown
	Maximum pool size: undefined/unknown
2025-05-09 16:18:39,675 INFO o.h.e.t.j.p.i.JtaPlatformInitiator [restartedMain] HHH000489: No JTA platform available (set 'hibernate.transaction.jta.platform' to enable JTA platform integration)
2025-05-09 16:18:39,693 INFO o.s.o.j.LocalContainerEntityManagerFactoryBean [restartedMain] Initialized JPA EntityManagerFactory for persistence unit 'default'
2025-05-09 16:18:40,590 WARN o.s.b.a.o.j.JpaBaseConfiguration$JpaWebConfiguration [restartedMain] spring.jpa.open-in-view is enabled by default. Therefore, database queries may be performed during view rendering. Explicitly configure spring.jpa.open-in-view to disable this warning
2025-05-09 16:18:40,768 WARN o.s.b.d.a.OptionalLiveReloadServer [restartedMain] Unable to start LiveReload server
2025-05-09 16:18:40,932 INFO o.s.c.o.FeignClientFactoryBean [restartedMain] For 'student-service' URL not provided. Will try picking an instance via load-balancing.
2025-05-09 16:18:41,049 INFO o.s.c.o.FeignClientFactoryBean [restartedMain] For 'catalog-service' URL not provided. Will try picking an instance via load-balancing.
2025-05-09 16:18:41,708 INFO o.s.v.b.OptionalValidatorFactoryBean [restartedMain] Failed to set up a Bean Validation provider: jakarta.validation.NoProviderFoundException: Unable to create a Configuration, because no Jakarta Bean Validation provider could be found. Add a provider like Hibernate Validator (RI) to your classpath.
2025-05-09 16:18:43,379 INFO o.s.b.a.h.H2ConsoleAutoConfiguration [restartedMain] H2 console available at '/h2-console'. Database available at 'jdbc:h2:mem:feedb'
2025-05-09 16:18:43,667 INFO o.s.c.n.e.c.DiscoveryClientOptionalArgsConfiguration [restartedMain] Eureka HTTP Client uses RestTemplate.
2025-05-09 16:18:43,748 WARN o.s.c.l.c.LoadBalancerCacheAutoConfiguration$LoadBalancerCaffeineWarnLogger [restartedMain] Spring Cloud LoadBalancer is currently working with the default cache. While this cache implementation is useful for development and tests, it's recommended to use Caffeine cache in production.You can switch to using Caffeine cache, by adding it and org.springframework.cache.caffeine.CaffeineCacheManager to the classpath.
2025-05-09 16:18:43,810 INFO o.s.c.n.e.InstanceInfoFactory [restartedMain] Setting initial instance status as: STARTING
2025-05-09 16:18:43,816 INFO c.n.d.DiscoveryClient [restartedMain] Initializing Eureka in region us-east-1
2025-05-09 16:18:43,816 INFO c.n.d.s.r.a.ConfigClusterResolver [restartedMain] Resolving eureka endpoints via configuration
2025-05-09 16:18:43,816 INFO c.n.d.DiscoveryClient [restartedMain] Disable delta property : false
2025-05-09 16:18:43,816 INFO c.n.d.DiscoveryClient [restartedMain] Single vip registry refresh property : null
2025-05-09 16:18:43,816 INFO c.n.d.DiscoveryClient [restartedMain] Force full registry fetch : false
2025-05-09 16:18:43,816 INFO c.n.d.DiscoveryClient [restartedMain] Application is null : false
2025-05-09 16:18:43,816 INFO c.n.d.DiscoveryClient [restartedMain] Registered Applications size is zero : true
2025-05-09 16:18:43,816 INFO c.n.d.DiscoveryClient [restartedMain] Application version is -1: true
2025-05-09 16:18:43,816 INFO c.n.d.DiscoveryClient [restartedMain] Getting all instance registry info from the eureka server
2025-05-09 16:18:43,858 INFO c.n.d.DiscoveryClient [restartedMain] The response status is 200
2025-05-09 16:18:43,860 INFO c.n.d.DiscoveryClient [restartedMain] Starting heartbeat executor: renew interval is: 30
2025-05-09 16:18:43,861 INFO c.n.d.InstanceInfoReplicator [restartedMain] InstanceInfoReplicator onDemand update allowed rate per min is 4
2025-05-09 16:18:43,861 INFO c.n.d.DiscoveryClient [restartedMain] Discovery Client initialized at timestamp 1746793123861 with initial instances count: 3
2025-05-09 16:18:43,886 INFO o.s.c.n.e.s.EurekaServiceRegistry [restartedMain] Registering application FEE-SERVICE with eureka with status UP
2025-05-09 16:18:43,887 INFO c.n.d.DiscoveryClient [restartedMain] Saw local status change event StatusChangeEvent [timestamp=1746793123887, current=UP, previous=STARTING]
2025-05-09 16:18:43,887 INFO c.n.d.DiscoveryClient [DiscoveryClient-InstanceInfoReplicator-%d] DiscoveryClient_FEE-SERVICE/Ahinsingh:fee-service:8081: registering service...
2025-05-09 16:18:43,887 INFO o.a.c.h.Http11NioProtocol [restartedMain] Starting ProtocolHandler ["http-nio-8081"]
2025-05-09 16:18:43,893 INFO o.s.b.w.e.t.TomcatWebServer [restartedMain] Tomcat started on port 8081 (http) with context path '/'
2025-05-09 16:18:43,895 INFO o.s.c.n.e.s.EurekaAutoServiceRegistration [restartedMain] Updating port to 8081
2025-05-09 16:18:43,909 INFO c.n.d.DiscoveryClient [DiscoveryClient-InstanceInfoReplicator-%d] DiscoveryClient_FEE-SERVICE/Ahinsingh:fee-service:8081 - registration status: 204
2025-05-09 16:18:43,918 INFO c.f.FeeProcessApplication [restartedMain] Started FeeProcessApplication in 7.374 seconds (process running for 1741.452)
2025-05-09 16:18:43,920 INFO o.s.b.d.a.ConditionEvaluationDeltaLoggingListener [restartedMain] Condition evaluation unchanged
2025-05-09 16:18:45,027 INFO o.s.b.d.a.LocalDevToolsAutoConfiguration$RestartingClassPathChangeChangedEventListener [File Watcher] Restarting due to 29 class path changes (0 additions, 0 deletions, 29 modifications)
2025-05-09 16:18:45,029 INFO o.s.c.n.e.s.EurekaServiceRegistry [Thread-38] Unregistering application FEE-SERVICE with eureka with status DOWN
2025-05-09 16:18:45,029 INFO c.n.d.DiscoveryClient [Thread-38] Saw local status change event StatusChangeEvent [timestamp=1746793125029, current=DOWN, previous=UP]
2025-05-09 16:18:45,029 INFO c.n.d.DiscoveryClient [DiscoveryClient-InstanceInfoReplicator-%d] DiscoveryClient_FEE-SERVICE/Ahinsingh:fee-service:8081: registering service...
2025-05-09 16:18:45,030 INFO o.s.b.w.e.t.GracefulShutdown [Thread-38] Commencing graceful shutdown. Waiting for active requests to complete
2025-05-09 16:18:45,031 INFO o.a.c.h.Http11NioProtocol [tomcat-shutdown] Pausing ProtocolHandler ["http-nio-8081"]
2025-05-09 16:18:45,035 INFO c.n.d.DiscoveryClient [DiscoveryClient-InstanceInfoReplicator-%d] DiscoveryClient_FEE-SERVICE/Ahinsingh:fee-service:8081 - registration status: 204
2025-05-09 16:18:45,047 INFO o.s.b.w.e.t.GracefulShutdown [tomcat-shutdown] Graceful shutdown complete
2025-05-09 16:18:45,047 INFO o.a.c.h.Http11NioProtocol [Thread-38] Stopping ProtocolHandler ["http-nio-8081"]
2025-05-09 16:18:45,054 INFO o.s.o.j.LocalContainerEntityManagerFactoryBean [Thread-38] Closing JPA EntityManagerFactory for persistence unit 'default'
2025-05-09 16:18:45,055 WARN o.s.b.f.s.DisposableBeanAdapter [Thread-38] Invocation of destroy method failed on bean with name 'inMemoryDatabaseShutdownExecutor': org.h2.jdbc.JdbcSQLNonTransientConnectionException: Database is already closed (to disable automatic closing at VM shutdown, add ";DB_CLOSE_ON_EXIT=FALSE" to the db URL) [90121-232]
2025-05-09 16:18:45,056 INFO c.z.h.HikariDataSource [Thread-38] HikariPool-7 - Shutdown initiated...
2025-05-09 16:18:45,057 INFO c.z.h.HikariDataSource [Thread-38] HikariPool-7 - Shutdown completed.
2025-05-09 16:18:45,059 INFO c.n.d.DiscoveryClient [Thread-38] Shutting down DiscoveryClient ...
2025-05-09 16:18:48,065 INFO c.n.d.DiscoveryClient [Thread-38] Unregistering ...
2025-05-09 16:18:48,084 INFO c.n.d.DiscoveryClient [Thread-38] DiscoveryClient_FEE-SERVICE/Ahinsingh:fee-service:8081 - deregister  status: 200
2025-05-09 16:18:48,084 INFO c.n.d.DiscoveryClient [Thread-38] Completed shut down of DiscoveryClient
2025-05-09 16:18:48,287 INFO c.f.FeeProcessApplication [restartedMain] Starting FeeProcessApplication using Java 21.0.6 with PID 36336 (C:\Users\ahins\workspace\fee-process-management\target\classes started by ahins in C:\Users\ahins\workspace\fee-process-management)
2025-05-09 16:18:48,287 INFO c.f.FeeProcessApplication [restartedMain] No active profile set, falling back to 1 default profile: "default"
2025-05-09 16:18:48,933 INFO o.s.d.r.c.RepositoryConfigurationDelegate [restartedMain] Bootstrapping Spring Data JPA repositories in DEFAULT mode.
2025-05-09 16:18:48,947 INFO o.s.d.r.c.RepositoryConfigurationDelegate [restartedMain] Finished Spring Data repository scanning in 13 ms. Found 2 JPA repository interfaces.
2025-05-09 16:18:49,173 INFO o.s.c.c.s.GenericScope [restartedMain] BeanFactory id=af789b4c-290f-3dc0-a419-fc50b6e3a8b0
2025-05-09 16:18:49,503 INFO o.s.b.w.e.t.TomcatWebServer [restartedMain] Tomcat initialized with port 8081 (http)
2025-05-09 16:18:49,503 INFO o.a.c.h.Http11NioProtocol [restartedMain] Initializing ProtocolHandler ["http-nio-8081"]
2025-05-09 16:18:49,505 INFO o.a.c.c.StandardService [restartedMain] Starting service [Tomcat]
2025-05-09 16:18:49,505 INFO o.a.c.c.StandardEngine [restartedMain] Starting Servlet engine: [Apache Tomcat/10.1.39]
2025-05-09 16:18:49,533 INFO o.a.c.c.C.[.[.[/] [restartedMain] Initializing Spring embedded WebApplicationContext
2025-05-09 16:18:49,533 INFO o.s.b.w.s.c.ServletWebServerApplicationContext [restartedMain] Root WebApplicationContext: initialization completed in 1242 ms
2025-05-09 16:18:49,698 INFO o.h.j.i.u.LogHelper [restartedMain] HHH000204: Processing PersistenceUnitInfo [name: default]
2025-05-09 16:18:49,700 INFO o.h.c.i.RegionFactoryInitiator [restartedMain] HHH000026: Second-level cache disabled
2025-05-09 16:18:49,715 INFO o.s.o.j.p.SpringPersistenceUnitInfo [restartedMain] No LoadTimeWeaver setup: ignoring JPA class transformer
2025-05-09 16:18:49,716 INFO c.z.h.HikariDataSource [restartedMain] HikariPool-8 - Starting...
2025-05-09 16:18:49,717 INFO c.z.h.p.HikariPool [restartedMain] HikariPool-8 - Added connection conn70: url=jdbc:h2:mem:feedb user=SA
2025-05-09 16:18:49,717 INFO c.z.h.HikariDataSource [restartedMain] HikariPool-8 - Start completed.
2025-05-09 16:18:49,718 WARN o.h.o.deprecation [restartedMain] HHH90000025: H2Dialect does not need to be specified explicitly using 'hibernate.dialect' (remove the property setting and it will be selected by default)
2025-05-09 16:18:49,718 INFO o.h.o.c.pooling [restartedMain] HHH10001005: Database info:
	Database JDBC URL [Connecting through datasource 'HikariDataSource (HikariPool-8)']
	Database driver: undefined/unknown
	Database version: 2.3.232
	Autocommit mode: undefined/unknown
	Isolation level: undefined/unknown
	Minimum pool size: undefined/unknown
	Maximum pool size: undefined/unknown
2025-05-09 16:18:49,777 INFO o.h.e.t.j.p.i.JtaPlatformInitiator [restartedMain] HHH000489: No JTA platform available (set 'hibernate.transaction.jta.platform' to enable JTA platform integration)
2025-05-09 16:18:49,782 INFO o.s.o.j.LocalContainerEntityManagerFactoryBean [restartedMain] Initialized JPA EntityManagerFactory for persistence unit 'default'
2025-05-09 16:18:50,561 WARN o.s.b.a.o.j.JpaBaseConfiguration$JpaWebConfiguration [restartedMain] spring.jpa.open-in-view is enabled by default. Therefore, database queries may be performed during view rendering. Explicitly configure spring.jpa.open-in-view to disable this warning
2025-05-09 16:18:50,753 WARN o.s.b.d.a.OptionalLiveReloadServer [restartedMain] Unable to start LiveReload server
2025-05-09 16:18:50,851 INFO o.s.c.o.FeignClientFactoryBean [restartedMain] For 'student-service' URL not provided. Will try picking an instance via load-balancing.
2025-05-09 16:18:50,948 INFO o.s.c.o.FeignClientFactoryBean [restartedMain] For 'catalog-service' URL not provided. Will try picking an instance via load-balancing.
2025-05-09 16:18:51,395 INFO o.s.v.b.OptionalValidatorFactoryBean [restartedMain] Failed to set up a Bean Validation provider: jakarta.validation.NoProviderFoundException: Unable to create a Configuration, because no Jakarta Bean Validation provider could be found. Add a provider like Hibernate Validator (RI) to your classpath.
2025-05-09 16:18:52,304 INFO o.s.b.a.h.H2ConsoleAutoConfiguration [restartedMain] H2 console available at '/h2-console'. Database available at 'jdbc:h2:mem:feedb'
2025-05-09 16:18:52,638 INFO o.s.c.n.e.c.DiscoveryClientOptionalArgsConfiguration [restartedMain] Eureka HTTP Client uses RestTemplate.
2025-05-09 16:18:52,752 WARN o.s.c.l.c.LoadBalancerCacheAutoConfiguration$LoadBalancerCaffeineWarnLogger [restartedMain] Spring Cloud LoadBalancer is currently working with the default cache. While this cache implementation is useful for development and tests, it's recommended to use Caffeine cache in production.You can switch to using Caffeine cache, by adding it and org.springframework.cache.caffeine.CaffeineCacheManager to the classpath.
2025-05-09 16:18:52,810 INFO o.s.c.n.e.InstanceInfoFactory [restartedMain] Setting initial instance status as: STARTING
2025-05-09 16:18:52,816 INFO c.n.d.DiscoveryClient [restartedMain] Initializing Eureka in region us-east-1
2025-05-09 16:18:52,817 INFO c.n.d.s.r.a.ConfigClusterResolver [restartedMain] Resolving eureka endpoints via configuration
2025-05-09 16:18:52,817 INFO c.n.d.DiscoveryClient [restartedMain] Disable delta property : false
2025-05-09 16:18:52,817 INFO c.n.d.DiscoveryClient [restartedMain] Single vip registry refresh property : null
2025-05-09 16:18:52,817 INFO c.n.d.DiscoveryClient [restartedMain] Force full registry fetch : false
2025-05-09 16:18:52,817 INFO c.n.d.DiscoveryClient [restartedMain] Application is null : false
2025-05-09 16:18:52,817 INFO c.n.d.DiscoveryClient [restartedMain] Registered Applications size is zero : true
2025-05-09 16:18:52,817 INFO c.n.d.DiscoveryClient [restartedMain] Application version is -1: true
2025-05-09 16:18:52,817 INFO c.n.d.DiscoveryClient [restartedMain] Getting all instance registry info from the eureka server
2025-05-09 16:18:52,900 INFO c.n.d.DiscoveryClient [restartedMain] The response status is 200
2025-05-09 16:18:52,901 INFO c.n.d.DiscoveryClient [restartedMain] Starting heartbeat executor: renew interval is: 30
2025-05-09 16:18:52,901 INFO c.n.d.InstanceInfoReplicator [restartedMain] InstanceInfoReplicator onDemand update allowed rate per min is 4
2025-05-09 16:18:52,901 INFO c.n.d.DiscoveryClient [restartedMain] Discovery Client initialized at timestamp 1746793132901 with initial instances count: 3
2025-05-09 16:18:52,928 INFO o.s.c.n.e.s.EurekaServiceRegistry [restartedMain] Registering application FEE-SERVICE with eureka with status UP
2025-05-09 16:18:52,929 INFO c.n.d.DiscoveryClient [restartedMain] Saw local status change event StatusChangeEvent [timestamp=1746793132929, current=UP, previous=STARTING]
2025-05-09 16:18:52,929 INFO c.n.d.DiscoveryClient [DiscoveryClient-InstanceInfoReplicator-%d] DiscoveryClient_FEE-SERVICE/Ahinsingh:fee-service:8081: registering service...
2025-05-09 16:18:52,929 INFO o.a.c.h.Http11NioProtocol [restartedMain] Starting ProtocolHandler ["http-nio-8081"]
2025-05-09 16:18:52,934 INFO o.s.b.w.e.t.TomcatWebServer [restartedMain] Tomcat started on port 8081 (http) with context path '/'
2025-05-09 16:18:52,935 INFO o.s.c.n.e.s.EurekaAutoServiceRegistration [restartedMain] Updating port to 8081
2025-05-09 16:18:52,947 INFO c.n.d.DiscoveryClient [DiscoveryClient-InstanceInfoReplicator-%d] DiscoveryClient_FEE-SERVICE/Ahinsingh:fee-service:8081 - registration status: 204
2025-05-09 16:18:52,957 INFO c.f.FeeProcessApplication [restartedMain] Started FeeProcessApplication in 4.743 seconds (process running for 1750.491)
2025-05-09 16:18:52,960 INFO o.s.b.d.a.ConditionEvaluationDeltaLoggingListener [restartedMain] Condition evaluation unchanged
2025-05-09 16:23:52,826 INFO c.n.d.s.r.a.ConfigClusterResolver [AsyncResolver-bootstrap-executor-%d] Resolving eureka endpoints via configuration
2025-05-09 16:28:52,838 INFO c.n.d.s.r.a.ConfigClusterResolver [AsyncResolver-bootstrap-executor-%d] Resolving eureka endpoints via configuration
2025-05-09 16:33:52,841 INFO c.n.d.s.r.a.ConfigClusterResolver [AsyncResolver-bootstrap-executor-%d] Resolving eureka endpoints via configuration
