2025-05-10 15:20:20,777 WARN c.z.h.p.HikariPool [HikariPool-8 housekeeper] HikariPool-8 - Thread starvation or clock leap detected (housekeeper delta=22h46m6s840ms72µs200ns).
2025-05-10 15:22:20,950 INFO o.s.b.d.a.LocalDevToolsAutoConfiguration$RestartingClassPathChangeChangedEventListener [File Watcher] Restarting due to 3 class path changes (0 additions, 0 deletions, 3 modifications)
2025-05-10 15:22:20,955 INFO o.s.c.n.e.s.EurekaServiceRegistry [Thread-44] Unregistering application FEE-SERVICE with eureka with status DOWN
2025-05-10 15:22:20,956 INFO c.n.d.DiscoveryClient [Thread-44] Saw local status change event StatusChangeEvent [timestamp=1746876140955, current=DOWN, previous=UP]
2025-05-10 15:22:20,956 INFO c.n.d.DiscoveryClient [DiscoveryClient-InstanceInfoReplicator-%d] DiscoveryClient_FEE-SERVICE/Ahinsingh:fee-service:8081: registering service...
2025-05-10 15:22:20,959 INFO o.s.b.w.e.t.GracefulShutdown [Thread-44] Commencing graceful shutdown. Waiting for active requests to complete
2025-05-10 15:22:20,961 INFO o.a.c.h.Http11NioProtocol [tomcat-shutdown] Pausing ProtocolHandler ["http-nio-8081"]
2025-05-10 15:22:20,976 INFO c.n.d.DiscoveryClient [DiscoveryClient-InstanceInfoReplicator-%d] DiscoveryClient_FEE-SERVICE/Ahinsingh:fee-service:8081 - registration status: 204
2025-05-10 15:22:20,986 INFO o.s.b.w.e.t.GracefulShutdown [tomcat-shutdown] Graceful shutdown complete
2025-05-10 15:22:20,987 INFO o.a.c.h.Http11NioProtocol [Thread-44] Stopping ProtocolHandler ["http-nio-8081"]
2025-05-10 15:22:20,996 INFO o.s.o.j.LocalContainerEntityManagerFactoryBean [Thread-44] Closing JPA EntityManagerFactory for persistence unit 'default'
2025-05-10 15:22:20,999 WARN o.s.b.f.s.DisposableBeanAdapter [Thread-44] Invocation of destroy method failed on bean with name 'inMemoryDatabaseShutdownExecutor': org.h2.jdbc.JdbcSQLNonTransientConnectionException: Database is already closed (to disable automatic closing at VM shutdown, add ";DB_CLOSE_ON_EXIT=FALSE" to the db URL) [90121-232]
2025-05-10 15:22:21,000 INFO c.z.h.HikariDataSource [Thread-44] HikariPool-8 - Shutdown initiated...
2025-05-10 15:22:21,002 INFO c.z.h.HikariDataSource [Thread-44] HikariPool-8 - Shutdown completed.
2025-05-10 15:22:21,004 INFO c.n.d.DiscoveryClient [Thread-44] Shutting down DiscoveryClient ...
2025-05-10 15:22:24,006 INFO c.n.d.DiscoveryClient [Thread-44] Unregistering ...
2025-05-10 15:22:24,012 INFO c.n.d.DiscoveryClient [Thread-44] DiscoveryClient_FEE-SERVICE/Ahinsingh:fee-service:8081 - deregister  status: 200
2025-05-10 15:22:24,012 INFO c.n.d.DiscoveryClient [Thread-44] Completed shut down of DiscoveryClient
2025-05-10 15:22:24,391 INFO c.f.FeeProcessApplication [restartedMain] Starting FeeProcessApplication using Java 21.0.6 with PID 36336 (C:\Users\ahins\workspace\fee-process-management\target\classes started by ahins in C:\Users\ahins\workspace\fee-process-management)
2025-05-10 15:22:24,391 INFO c.f.FeeProcessApplication [restartedMain] No active profile set, falling back to 1 default profile: "default"
2025-05-10 15:22:25,651 INFO o.s.d.r.c.RepositoryConfigurationDelegate [restartedMain] Bootstrapping Spring Data JPA repositories in DEFAULT mode.
2025-05-10 15:22:25,675 INFO o.s.d.r.c.RepositoryConfigurationDelegate [restartedMain] Finished Spring Data repository scanning in 21 ms. Found 2 JPA repository interfaces.
2025-05-10 15:22:25,891 INFO o.s.c.c.s.GenericScope [restartedMain] BeanFactory id=af789b4c-290f-3dc0-a419-fc50b6e3a8b0
2025-05-10 15:22:26,522 INFO o.s.b.w.e.t.TomcatWebServer [restartedMain] Tomcat initialized with port 8081 (http)
2025-05-10 15:22:26,524 INFO o.a.c.h.Http11NioProtocol [restartedMain] Initializing ProtocolHandler ["http-nio-8081"]
2025-05-10 15:22:26,525 INFO o.a.c.c.StandardService [restartedMain] Starting service [Tomcat]
2025-05-10 15:22:26,525 INFO o.a.c.c.StandardEngine [restartedMain] Starting Servlet engine: [Apache Tomcat/10.1.39]
2025-05-10 15:22:26,627 INFO o.a.c.c.C.[.[.[/] [restartedMain] Initializing Spring embedded WebApplicationContext
2025-05-10 15:22:26,628 INFO o.s.b.w.s.c.ServletWebServerApplicationContext [restartedMain] Root WebApplicationContext: initialization completed in 2229 ms
2025-05-10 15:22:27,123 INFO o.h.j.i.u.LogHelper [restartedMain] HHH000204: Processing PersistenceUnitInfo [name: default]
2025-05-10 15:22:27,129 INFO o.h.c.i.RegionFactoryInitiator [restartedMain] HHH000026: Second-level cache disabled
2025-05-10 15:22:27,155 INFO o.s.o.j.p.SpringPersistenceUnitInfo [restartedMain] No LoadTimeWeaver setup: ignoring JPA class transformer
2025-05-10 15:22:27,157 INFO c.z.h.HikariDataSource [restartedMain] HikariPool-9 - Starting...
2025-05-10 15:22:27,164 INFO c.z.h.p.HikariPool [restartedMain] HikariPool-9 - Added connection conn90: url=jdbc:h2:mem:feedb user=SA
2025-05-10 15:22:27,165 INFO c.z.h.HikariDataSource [restartedMain] HikariPool-9 - Start completed.
2025-05-10 15:22:27,167 WARN o.h.o.deprecation [restartedMain] HHH90000025: H2Dialect does not need to be specified explicitly using 'hibernate.dialect' (remove the property setting and it will be selected by default)
2025-05-10 15:22:27,168 INFO o.h.o.c.pooling [restartedMain] HHH10001005: Database info:
	Database JDBC URL [Connecting through datasource 'HikariDataSource (HikariPool-9)']
	Database driver: undefined/unknown
	Database version: 2.3.232
	Autocommit mode: undefined/unknown
	Isolation level: undefined/unknown
	Minimum pool size: undefined/unknown
	Maximum pool size: undefined/unknown
2025-05-10 15:22:27,394 INFO o.h.e.t.j.p.i.JtaPlatformInitiator [restartedMain] HHH000489: No JTA platform available (set 'hibernate.transaction.jta.platform' to enable JTA platform integration)
2025-05-10 15:22:27,413 INFO o.s.o.j.LocalContainerEntityManagerFactoryBean [restartedMain] Initialized JPA EntityManagerFactory for persistence unit 'default'
2025-05-10 15:22:30,111 WARN o.s.b.a.o.j.JpaBaseConfiguration$JpaWebConfiguration [restartedMain] spring.jpa.open-in-view is enabled by default. Therefore, database queries may be performed during view rendering. Explicitly configure spring.jpa.open-in-view to disable this warning
2025-05-10 15:22:30,437 WARN o.s.b.d.a.OptionalLiveReloadServer [restartedMain] Unable to start LiveReload server
2025-05-10 15:22:30,630 INFO o.s.c.o.FeignClientFactoryBean [restartedMain] For 'student-service' URL not provided. Will try picking an instance via load-balancing.
2025-05-10 15:22:30,793 INFO o.s.c.o.FeignClientFactoryBean [restartedMain] For 'catalog-service' URL not provided. Will try picking an instance via load-balancing.
2025-05-10 15:22:31,648 INFO o.s.v.b.OptionalValidatorFactoryBean [restartedMain] Failed to set up a Bean Validation provider: jakarta.validation.NoProviderFoundException: Unable to create a Configuration, because no Jakarta Bean Validation provider could be found. Add a provider like Hibernate Validator (RI) to your classpath.
2025-05-10 15:22:33,339 INFO o.s.b.a.h.H2ConsoleAutoConfiguration [restartedMain] H2 console available at '/h2-console'. Database available at 'jdbc:h2:mem:feedb'
2025-05-10 15:22:33,727 INFO o.s.c.n.e.c.DiscoveryClientOptionalArgsConfiguration [restartedMain] Eureka HTTP Client uses RestTemplate.
2025-05-10 15:22:33,870 WARN o.s.c.l.c.LoadBalancerCacheAutoConfiguration$LoadBalancerCaffeineWarnLogger [restartedMain] Spring Cloud LoadBalancer is currently working with the default cache. While this cache implementation is useful for development and tests, it's recommended to use Caffeine cache in production.You can switch to using Caffeine cache, by adding it and org.springframework.cache.caffeine.CaffeineCacheManager to the classpath.
2025-05-10 15:22:33,964 INFO o.s.c.n.e.InstanceInfoFactory [restartedMain] Setting initial instance status as: STARTING
2025-05-10 15:22:33,974 INFO c.n.d.DiscoveryClient [restartedMain] Initializing Eureka in region us-east-1
2025-05-10 15:22:33,974 INFO c.n.d.s.r.a.ConfigClusterResolver [restartedMain] Resolving eureka endpoints via configuration
2025-05-10 15:22:33,974 INFO c.n.d.DiscoveryClient [restartedMain] Disable delta property : false
2025-05-10 15:22:33,974 INFO c.n.d.DiscoveryClient [restartedMain] Single vip registry refresh property : null
2025-05-10 15:22:33,974 INFO c.n.d.DiscoveryClient [restartedMain] Force full registry fetch : false
2025-05-10 15:22:33,974 INFO c.n.d.DiscoveryClient [restartedMain] Application is null : false
2025-05-10 15:22:33,975 INFO c.n.d.DiscoveryClient [restartedMain] Registered Applications size is zero : true
2025-05-10 15:22:33,975 INFO c.n.d.DiscoveryClient [restartedMain] Application version is -1: true
2025-05-10 15:22:33,975 INFO c.n.d.DiscoveryClient [restartedMain] Getting all instance registry info from the eureka server
2025-05-10 15:22:34,060 INFO c.n.d.DiscoveryClient [restartedMain] The response status is 200
2025-05-10 15:22:34,061 INFO c.n.d.DiscoveryClient [restartedMain] Starting heartbeat executor: renew interval is: 30
2025-05-10 15:22:34,062 INFO c.n.d.InstanceInfoReplicator [restartedMain] InstanceInfoReplicator onDemand update allowed rate per min is 4
2025-05-10 15:22:34,062 INFO c.n.d.DiscoveryClient [restartedMain] Discovery Client initialized at timestamp 1746876154062 with initial instances count: 4
2025-05-10 15:22:34,100 INFO o.s.c.n.e.s.EurekaServiceRegistry [restartedMain] Registering application FEE-SERVICE with eureka with status UP
2025-05-10 15:22:34,101 INFO c.n.d.DiscoveryClient [restartedMain] Saw local status change event StatusChangeEvent [timestamp=1746876154101, current=UP, previous=STARTING]
2025-05-10 15:22:34,101 INFO c.n.d.DiscoveryClient [DiscoveryClient-InstanceInfoReplicator-%d] DiscoveryClient_FEE-SERVICE/Ahinsingh:fee-service:8081: registering service...
2025-05-10 15:22:34,102 INFO o.a.c.h.Http11NioProtocol [restartedMain] Starting ProtocolHandler ["http-nio-8081"]
2025-05-10 15:22:34,124 INFO o.s.b.w.e.t.TomcatWebServer [restartedMain] Tomcat started on port 8081 (http) with context path '/'
2025-05-10 15:22:34,125 INFO o.s.c.n.e.s.EurekaAutoServiceRegistration [restartedMain] Updating port to 8081
2025-05-10 15:22:34,147 INFO c.n.d.DiscoveryClient [DiscoveryClient-InstanceInfoReplicator-%d] DiscoveryClient_FEE-SERVICE/Ahinsingh:fee-service:8081 - registration status: 204
2025-05-10 15:22:34,159 INFO c.f.FeeProcessApplication [restartedMain] Started FeeProcessApplication in 9.947 seconds (process running for 84777.8)
2025-05-10 15:22:34,162 INFO o.s.b.d.a.ConditionEvaluationDeltaLoggingListener [restartedMain] Condition evaluation unchanged
2025-05-10 15:27:33,986 INFO c.n.d.s.r.a.ConfigClusterResolver [AsyncResolver-bootstrap-executor-%d] Resolving eureka endpoints via configuration
2025-05-10 15:32:33,993 INFO c.n.d.s.r.a.ConfigClusterResolver [AsyncResolver-bootstrap-executor-%d] Resolving eureka endpoints via configuration
2025-05-10 15:37:34,001 INFO c.n.d.s.r.a.ConfigClusterResolver [AsyncResolver-bootstrap-executor-%d] Resolving eureka endpoints via configuration
2025-05-10 15:42:34,010 INFO c.n.d.s.r.a.ConfigClusterResolver [AsyncResolver-bootstrap-executor-%d] Resolving eureka endpoints via configuration
2025-05-10 15:47:34,017 INFO c.n.d.s.r.a.ConfigClusterResolver [AsyncResolver-bootstrap-executor-%d] Resolving eureka endpoints via configuration
2025-05-10 15:52:34,027 INFO c.n.d.s.r.a.ConfigClusterResolver [AsyncResolver-bootstrap-executor-%d] Resolving eureka endpoints via configuration
2025-05-10 15:57:34,041 INFO c.n.d.s.r.a.ConfigClusterResolver [AsyncResolver-bootstrap-executor-%d] Resolving eureka endpoints via configuration
2025-05-10 16:02:34,045 INFO c.n.d.s.r.a.ConfigClusterResolver [AsyncResolver-bootstrap-executor-%d] Resolving eureka endpoints via configuration
